  [1m[35m (414.3ms)[0m  [1m[35mCREATE DATABASE "cats_99_development" ENCODING = 'unicode'[0m
  ↳ bin/rails:9
  [1m[35m (311.9ms)[0m  [1m[35mCREATE DATABASE "cats_99_test" ENCODING = 'unicode'[0m
  ↳ bin/rails:9
  [1m[35m (45.2ms)[0m  [1m[35mCREATE TABLE "schema_migrations" ("version" character varying NOT NULL PRIMARY KEY)[0m
  ↳ bin/rails:9
  [1m[35m (5.1ms)[0m  [1m[35mCREATE TABLE "ar_internal_metadata" ("key" character varying NOT NULL PRIMARY KEY, "value" character varying, "created_at" timestamp NOT NULL, "updated_at" timestamp NOT NULL)[0m
  ↳ bin/rails:9
  [1m[35m (2.1ms)[0m  [1m[34mSELECT pg_try_advisory_lock(2260121364129154575)[0m
  ↳ bin/rails:9
  [1m[35m (2.2ms)[0m  [1m[34mSELECT "schema_migrations"."version" FROM "schema_migrations" ORDER BY "schema_migrations"."version" ASC[0m
  ↳ bin/rails:9
Migrating to CreateCats (20190619200048)
  [1m[35m (2.0ms)[0m  [1m[35mBEGIN[0m
  ↳ bin/rails:9
  [1m[35m (12.9ms)[0m  [1m[35mCREATE TABLE "cats" ("id" bigserial primary key, "birth_date" date NOT NULL, "color" character varying NOT NULL, "name" character varying NOT NULL, "sex" character varying(1) NOT NULL, "description" text)[0m
  ↳ db/migrate/20190619200048_create_cats.rb:3
  [1m[36mActiveRecord::SchemaMigration Create (6.5ms)[0m  [1m[32mINSERT INTO "schema_migrations" ("version") VALUES ($1) RETURNING "version"[0m  [["version", "20190619200048"]]
  ↳ bin/rails:9
  [1m[35m (1.1ms)[0m  [1m[35mCOMMIT[0m
  ↳ bin/rails:9
  [1m[36mActiveRecord::InternalMetadata Load (0.5ms)[0m  [1m[34mSELECT  "ar_internal_metadata".* FROM "ar_internal_metadata" WHERE "ar_internal_metadata"."key" = $1 LIMIT $2[0m  [["key", "environment"], ["LIMIT", 1]]
  ↳ bin/rails:9
  [1m[35m (0.1ms)[0m  [1m[35mBEGIN[0m
  ↳ bin/rails:9
  [1m[36mActiveRecord::InternalMetadata Create (1.3ms)[0m  [1m[32mINSERT INTO "ar_internal_metadata" ("key", "value", "created_at", "updated_at") VALUES ($1, $2, $3, $4) RETURNING "key"[0m  [["key", "environment"], ["value", "development"], ["created_at", "2019-06-19 20:06:55.610730"], ["updated_at", "2019-06-19 20:06:55.610730"]]
  ↳ bin/rails:9
  [1m[35m (0.5ms)[0m  [1m[35mCOMMIT[0m
  ↳ bin/rails:9
  [1m[35m (0.4ms)[0m  [1m[34mSELECT pg_advisory_unlock(2260121364129154575)[0m
  ↳ bin/rails:9
  [1m[35m (0.7ms)[0m  [1m[34mSELECT "schema_migrations"."version" FROM "schema_migrations" ORDER BY "schema_migrations"."version" ASC[0m
  ↳ bin/rails:9
  [1m[36mCat Load (1.6ms)[0m  [1m[34mSELECT  "cats".* FROM "cats" LIMIT $1[0m  [["LIMIT", 11]]
  [1m[35m (0.7ms)[0m  [1m[34mSELECT "schema_migrations"."version" FROM "schema_migrations" ORDER BY "schema_migrations"."version" ASC[0m
  ↳ bin/rails:9
  [1m[35m (0.1ms)[0m  [1m[35mBEGIN[0m
  ↳ db/seeds.rb:9
  [1m[35m (0.2ms)[0m  [1m[31mROLLBACK[0m
  ↳ db/seeds.rb:9
  [1m[35m (0.1ms)[0m  [1m[35mBEGIN[0m
  ↳ db/seeds.rb:9
  [1m[35m (0.1ms)[0m  [1m[31mROLLBACK[0m
  ↳ db/seeds.rb:9
  [1m[35m (0.1ms)[0m  [1m[35mBEGIN[0m
  ↳ db/seeds.rb:9
  [1m[35m (0.1ms)[0m  [1m[31mROLLBACK[0m
  ↳ db/seeds.rb:9
  [1m[35m (0.1ms)[0m  [1m[35mBEGIN[0m
  ↳ db/seeds.rb:9
  [1m[35m (0.1ms)[0m  [1m[31mROLLBACK[0m
  ↳ db/seeds.rb:9
  [1m[35m (0.1ms)[0m  [1m[35mBEGIN[0m
  ↳ db/seeds.rb:9
  [1m[35m (0.2ms)[0m  [1m[31mROLLBACK[0m
  ↳ db/seeds.rb:9
  [1m[36mCat Load (0.3ms)[0m  [1m[34mSELECT  "cats".* FROM "cats" LIMIT $1[0m  [["LIMIT", 11]]
  [1m[35m (1.0ms)[0m  [1m[34mSELECT "schema_migrations"."version" FROM "schema_migrations" ORDER BY "schema_migrations"."version" ASC[0m
  ↳ bin/rails:9
  [1m[35m (0.1ms)[0m  [1m[35mBEGIN[0m
  ↳ db/seeds.rb:9
  [1m[35m (0.1ms)[0m  [1m[31mROLLBACK[0m
  ↳ db/seeds.rb:9
  [1m[36mCat Load (0.6ms)[0m  [1m[34mSELECT  "cats".* FROM "cats" LIMIT $1[0m  [["LIMIT", 11]]
  [1m[35m (0.9ms)[0m  [1m[34mSELECT "schema_migrations"."version" FROM "schema_migrations" ORDER BY "schema_migrations"."version" ASC[0m
  ↳ bin/rails:9
  [1m[35m (0.1ms)[0m  [1m[35mBEGIN[0m
  ↳ db/seeds.rb:9
  [1m[35m (0.1ms)[0m  [1m[31mROLLBACK[0m
  ↳ db/seeds.rb:9
  [1m[36mCat Load (0.5ms)[0m  [1m[34mSELECT  "cats".* FROM "cats" LIMIT $1[0m  [["LIMIT", 11]]
  [1m[35m (0.8ms)[0m  [1m[34mSELECT "schema_migrations"."version" FROM "schema_migrations" ORDER BY "schema_migrations"."version" ASC[0m
  ↳ /Users/campbelloleson/.rbenv/versions/2.5.1/bin/annotate:23
  [1m[35m (0.7ms)[0m  [1m[34mSELECT "schema_migrations"."version" FROM "schema_migrations" ORDER BY "schema_migrations"."version" ASC[0m
  ↳ bin/rails:9
  [1m[35m (0.1ms)[0m  [1m[35mBEGIN[0m
  ↳ db/seeds.rb:9
  [1m[35m (0.1ms)[0m  [1m[31mROLLBACK[0m
  ↳ db/seeds.rb:9
  [1m[36mCat Load (0.4ms)[0m  [1m[34mSELECT  "cats".* FROM "cats" LIMIT $1[0m  [["LIMIT", 11]]
  [1m[35m (0.7ms)[0m  [1m[34mSELECT "schema_migrations"."version" FROM "schema_migrations" ORDER BY "schema_migrations"."version" ASC[0m
  ↳ bin/rails:9
  [1m[35m (0.2ms)[0m  [1m[35mBEGIN[0m
  ↳ db/seeds.rb:9
  [1m[35m (0.2ms)[0m  [1m[31mROLLBACK[0m
  ↳ db/seeds.rb:9
  [1m[36mCat Load (0.4ms)[0m  [1m[34mSELECT  "cats".* FROM "cats" LIMIT $1[0m  [["LIMIT", 11]]
  [1m[35m (0.2ms)[0m  [1m[35mBEGIN[0m
  [1m[35m (0.2ms)[0m  [1m[31mROLLBACK[0m
  [1m[35m (0.3ms)[0m  [1m[35mBEGIN[0m
  [1m[35m (1.3ms)[0m  [1m[31mROLLBACK[0m
  [1m[35m (0.5ms)[0m  [1m[35mBEGIN[0m
  [1m[35m (0.5ms)[0m  [1m[31mROLLBACK[0m
  [1m[35m (0.2ms)[0m  [1m[35mBEGIN[0m
  [1m[36mCat Create (2.9ms)[0m  [1m[32mINSERT INTO "cats" ("birth_date", "color", "name", "sex", "description") VALUES ($1, $2, $3, $4, $5) RETURNING "id"[0m  [["birth_date", "0001-01-01 BC"], ["color", "orange"], ["name", "Whiskers"], ["sex", "M"], ["description", "A cute Kitty"]]
  [1m[35m (0.5ms)[0m  [1m[35mCOMMIT[0m
  [1m[36mCat Load (2.2ms)[0m  [1m[34mSELECT  "cats".* FROM "cats" LIMIT $1[0m  [["LIMIT", 11]]
  [1m[35m (1.3ms)[0m  [1m[35mBEGIN[0m
  [1m[36mCat Create (0.4ms)[0m  [1m[32mINSERT INTO "cats" ("birth_date", "color", "name", "sex", "description") VALUES ($1, $2, $3, $4, $5) RETURNING "id"[0m  [["birth_date", "2012-01-04"], ["color", "orange"], ["name", "Khiskers"], ["sex", "M"], ["description", "A cute Kitty"]]
  [1m[35m (0.4ms)[0m  [1m[35mCOMMIT[0m
  [1m[35m (0.8ms)[0m  [1m[34mSELECT "schema_migrations"."version" FROM "schema_migrations" ORDER BY "schema_migrations"."version" ASC[0m
  ↳ bin/rails:9
  [1m[35m (0.2ms)[0m  [1m[35mBEGIN[0m
  ↳ db/seeds.rb:9
  [1m[36mCat Create (0.7ms)[0m  [1m[32mINSERT INTO "cats" ("birth_date", "color", "name", "sex", "description") VALUES ($1, $2, $3, $4, $5) RETURNING "id"[0m  [["birth_date", "2012-01-04"], ["color", "orange"], ["name", "Jhiskers"], ["sex", "M"], ["description", "A cute Kitty"]]
  ↳ db/seeds.rb:9
  [1m[35m (0.5ms)[0m  [1m[35mCOMMIT[0m
  ↳ db/seeds.rb:9
  [1m[35m (0.1ms)[0m  [1m[35mBEGIN[0m
  ↳ db/seeds.rb:10
  [1m[36mCat Create (0.4ms)[0m  [1m[32mINSERT INTO "cats" ("birth_date", "color", "name", "sex", "description") VALUES ($1, $2, $3, $4, $5) RETURNING "id"[0m  [["birth_date", "2014-01-04"], ["color", "grey"], ["name", "Khiskers"], ["sex", "F"], ["description", "A cute Kitty"]]
  ↳ db/seeds.rb:10
  [1m[35m (0.4ms)[0m  [1m[35mCOMMIT[0m
  ↳ db/seeds.rb:10
  [1m[35m (0.1ms)[0m  [1m[35mBEGIN[0m
  ↳ db/seeds.rb:11
  [1m[36mCat Create (0.3ms)[0m  [1m[32mINSERT INTO "cats" ("birth_date", "color", "name", "sex", "description") VALUES ($1, $2, $3, $4, $5) RETURNING "id"[0m  [["birth_date", "2015-12-04"], ["color", "black"], ["name", "Meow"], ["sex", "M"], ["description", "A cute Kitty"]]
  ↳ db/seeds.rb:11
  [1m[35m (0.5ms)[0m  [1m[35mCOMMIT[0m
  ↳ db/seeds.rb:11
  [1m[35m (0.1ms)[0m  [1m[35mBEGIN[0m
  ↳ db/seeds.rb:12
  [1m[36mCat Create (0.3ms)[0m  [1m[32mINSERT INTO "cats" ("birth_date", "color", "name", "sex", "description") VALUES ($1, $2, $3, $4, $5) RETURNING "id"[0m  [["birth_date", "2010-04-04"], ["color", "black"], ["name", "Khiskers"], ["sex", "F"], ["description", "A cute Kitty"]]
  ↳ db/seeds.rb:12
  [1m[35m (0.5ms)[0m  [1m[35mCOMMIT[0m
  ↳ db/seeds.rb:12
  [1m[35m (0.1ms)[0m  [1m[35mBEGIN[0m
  ↳ db/seeds.rb:13
  [1m[36mCat Create (0.3ms)[0m  [1m[32mINSERT INTO "cats" ("birth_date", "color", "name", "sex", "description") VALUES ($1, $2, $3, $4, $5) RETURNING "id"[0m  [["birth_date", "2002-05-04"], ["color", "orange"], ["name", "Garfield"], ["sex", "M"], ["description", "A cute Kitty"]]
  ↳ db/seeds.rb:13
  [1m[35m (0.4ms)[0m  [1m[35mCOMMIT[0m
  ↳ db/seeds.rb:13
  [1m[35m (0.1ms)[0m  [1m[35mBEGIN[0m
  ↳ db/seeds.rb:14
  [1m[36mCat Create (0.4ms)[0m  [1m[32mINSERT INTO "cats" ("birth_date", "color", "name", "sex", "description") VALUES ($1, $2, $3, $4, $5) RETURNING "id"[0m  [["birth_date", "2004-06-04"], ["color", "white"], ["name", "Kitty"], ["sex", "F"], ["description", "A cute Kitty"]]
  ↳ db/seeds.rb:14
  [1m[35m (0.4ms)[0m  [1m[35mCOMMIT[0m
  ↳ db/seeds.rb:14
  [1m[36mCat Load (0.4ms)[0m  [1m[34mSELECT  "cats".* FROM "cats" LIMIT $1[0m  [["LIMIT", 11]]
  [1m[36mCat Load (0.8ms)[0m  [1m[34mSELECT  "cats".* FROM "cats" LIMIT $1[0m  [["LIMIT", 11]]
Started GET "/" for ::1 at 2019-06-19 15:08:11 -0600
  [1m[35m (0.7ms)[0m  [1m[34mSELECT "schema_migrations"."version" FROM "schema_migrations" ORDER BY "schema_migrations"."version" ASC[0m
  ↳ /Users/campbelloleson/.rbenv/versions/2.5.1/lib/ruby/gems/2.5.0/gems/activerecord-5.2.3/lib/active_record/log_subscriber.rb:98
Processing by Rails::WelcomeController#index as HTML
  Rendering /Users/campbelloleson/.rbenv/versions/2.5.1/lib/ruby/gems/2.5.0/gems/railties-5.2.3/lib/rails/templates/rails/welcome/index.html.erb
  Rendered /Users/campbelloleson/.rbenv/versions/2.5.1/lib/ruby/gems/2.5.0/gems/railties-5.2.3/lib/rails/templates/rails/welcome/index.html.erb (4.3ms)
Completed 200 OK in 34ms (Views: 13.2ms | ActiveRecord: 0.0ms)


Started GET "/cats" for ::1 at 2019-06-19 15:08:22 -0600
Processing by CatsController#index as HTML
Completed 500 Internal Server Error in 21ms (ActiveRecord: 0.0ms)



ActionView::MissingTemplate - Missing template cats/index, application/index with {:locale=>[:en], :formats=>[:html], :variants=>[], :handlers=>[:raw, :erb, :html, :builder, :ruby, :coffee, :jbuilder]}. Searched in:
  * "/Users/campbelloleson/Desktop/cats_99/app/views"
:
  app/controllers/cats_controller.rb:4:in `index'

Started POST "/__better_errors/0f956b826fef1324/variables" for ::1 at 2019-06-19 15:08:22 -0600
  [1m[36mCat Load (0.4ms)[0m  [1m[34mSELECT  "cats".* FROM "cats" LIMIT $1[0m  [["LIMIT", 11]]
  ↳ /Users/campbelloleson/.rbenv/versions/2.5.1/lib/ruby/gems/2.5.0/gems/activerecord-5.2.3/lib/active_record/log_subscriber.rb:98
  [1m[36mCACHE Cat Load (0.0ms)[0m  [1m[34mSELECT  "cats".* FROM "cats" LIMIT $1[0m  [["LIMIT", 11]]
  ↳ /Users/campbelloleson/.rbenv/versions/2.5.1/lib/ruby/gems/2.5.0/gems/activerecord-5.2.3/lib/active_record/log_subscriber.rb:98
  [1m[36mCACHE Cat Load (0.0ms)[0m  [1m[34mSELECT  "cats".* FROM "cats" LIMIT $1[0m  [["LIMIT", 11]]
  ↳ /Users/campbelloleson/.rbenv/versions/2.5.1/lib/ruby/gems/2.5.0/gems/activerecord-5.2.3/lib/active_record/log_subscriber.rb:98
Started POST "/__better_errors/0f956b826fef1324/eval" for ::1 at 2019-06-19 15:09:13 -0600
  [1m[36mCat Load (0.3ms)[0m  [1m[34mSELECT  "cats".* FROM "cats" LIMIT $1[0m  [["LIMIT", 11]]
  ↳ /Users/campbelloleson/.rbenv/versions/2.5.1/lib/ruby/gems/2.5.0/gems/activerecord-5.2.3/lib/active_record/log_subscriber.rb:98
Started GET "/cats" for ::1 at 2019-06-19 15:11:53 -0600
Processing by CatsController#index as HTML
Completed 500 Internal Server Error in 5ms (ActiveRecord: 0.0ms)



ActionView::MissingTemplate - Missing template cats/index, application/index with {:locale=>[:en], :formats=>[:html], :variants=>[], :handlers=>[:raw, :erb, :html, :builder, :ruby, :coffee, :jbuilder]}. Searched in:
  * "/Users/campbelloleson/Desktop/cats_99/app/views"
:
  app/controllers/cats_controller.rb:4:in `index'

Started POST "/__better_errors/0ccd092456498267/variables" for ::1 at 2019-06-19 15:11:53 -0600
  [1m[36mCat Load (0.3ms)[0m  [1m[34mSELECT  "cats".* FROM "cats" LIMIT $1[0m  [["LIMIT", 11]]
  ↳ /Users/campbelloleson/.rbenv/versions/2.5.1/lib/ruby/gems/2.5.0/gems/activerecord-5.2.3/lib/active_record/log_subscriber.rb:98
  [1m[36mCACHE Cat Load (0.1ms)[0m  [1m[34mSELECT  "cats".* FROM "cats" LIMIT $1[0m  [["LIMIT", 11]]
  ↳ /Users/campbelloleson/.rbenv/versions/2.5.1/lib/ruby/gems/2.5.0/gems/activerecord-5.2.3/lib/active_record/log_subscriber.rb:98
  [1m[36mCACHE Cat Load (0.0ms)[0m  [1m[34mSELECT  "cats".* FROM "cats" LIMIT $1[0m  [["LIMIT", 11]]
  ↳ /Users/campbelloleson/.rbenv/versions/2.5.1/lib/ruby/gems/2.5.0/gems/activerecord-5.2.3/lib/active_record/log_subscriber.rb:98
Started GET "/cats" for ::1 at 2019-06-19 15:12:01 -0600
Processing by CatsController#index as HTML
Completed 500 Internal Server Error in 10ms (ActiveRecord: 0.0ms)



ActionView::MissingTemplate - Missing template cats/index, application/index with {:locale=>[:en], :formats=>[:html], :variants=>[], :handlers=>[:raw, :erb, :html, :builder, :ruby, :coffee, :jbuilder]}. Searched in:
  * "/Users/campbelloleson/Desktop/cats_99/app/views"
:
  app/controllers/cats_controller.rb:4:in `index'

Started POST "/__better_errors/c6e76f1579ddeea6/variables" for ::1 at 2019-06-19 15:12:02 -0600
  [1m[36mCat Load (0.2ms)[0m  [1m[34mSELECT  "cats".* FROM "cats" LIMIT $1[0m  [["LIMIT", 11]]
  ↳ /Users/campbelloleson/.rbenv/versions/2.5.1/lib/ruby/gems/2.5.0/gems/activerecord-5.2.3/lib/active_record/log_subscriber.rb:98
  [1m[36mCACHE Cat Load (0.0ms)[0m  [1m[34mSELECT  "cats".* FROM "cats" LIMIT $1[0m  [["LIMIT", 11]]
  ↳ /Users/campbelloleson/.rbenv/versions/2.5.1/lib/ruby/gems/2.5.0/gems/activerecord-5.2.3/lib/active_record/log_subscriber.rb:98
  [1m[36mCACHE Cat Load (0.0ms)[0m  [1m[34mSELECT  "cats".* FROM "cats" LIMIT $1[0m  [["LIMIT", 11]]
  ↳ /Users/campbelloleson/.rbenv/versions/2.5.1/lib/ruby/gems/2.5.0/gems/activerecord-5.2.3/lib/active_record/log_subscriber.rb:98
Started GET "/cats" for ::1 at 2019-06-19 15:16:03 -0600
Processing by CatsController#index as HTML
  Rendering cats/index.html.erb within layouts/application
  [1m[36mCat Load (1.1ms)[0m  [1m[34mSELECT "cats".* FROM "cats"[0m
  ↳ app/views/cats/index.html.erb:2
  Rendered cats/index.html.erb within layouts/application (3.3ms)
Completed 200 OK in 350ms (Views: 347.5ms | ActiveRecord: 1.1ms)


Started GET "/cats" for ::1 at 2019-06-19 15:16:14 -0600
Processing by CatsController#index as HTML
  Rendering cats/index.html.erb within layouts/application
  [1m[36mCat Load (1.1ms)[0m  [1m[34mSELECT "cats".* FROM "cats"[0m
  ↳ app/views/cats/index.html.erb:2
  Rendered cats/index.html.erb within layouts/application (3.1ms)
Completed 200 OK in 39ms (Views: 36.0ms | ActiveRecord: 1.1ms)


Started GET "/cats" for ::1 at 2019-06-19 15:17:02 -0600
Processing by CatsController#index as HTML
  Rendering cats/index.html.erb within layouts/application
  [1m[36mCat Load (0.6ms)[0m  [1m[34mSELECT "cats".* FROM "cats"[0m
  ↳ app/views/cats/index.html.erb:3
  Rendered cats/index.html.erb within layouts/application (2.0ms)
Completed 200 OK in 39ms (Views: 37.4ms | ActiveRecord: 0.6ms)


Started GET "/cats" for ::1 at 2019-06-19 15:17:12 -0600
Processing by CatsController#index as HTML
  Rendering cats/index.html.erb within layouts/application
  [1m[36mCat Load (3.9ms)[0m  [1m[34mSELECT "cats".* FROM "cats"[0m
  ↳ app/views/cats/index.html.erb:3
  Rendered cats/index.html.erb within layouts/application (9.7ms)
Completed 200 OK in 42ms (Views: 37.2ms | ActiveRecord: 3.9ms)


Started GET "/cats" for ::1 at 2019-06-19 15:17:24 -0600
Processing by CatsController#index as HTML
  Rendering cats/index.html.erb within layouts/application
  [1m[36mCat Load (0.7ms)[0m  [1m[34mSELECT "cats".* FROM "cats"[0m
  ↳ app/views/cats/index.html.erb:3
  Rendered cats/index.html.erb within layouts/application (2.4ms)
Completed 200 OK in 36ms (Views: 34.3ms | ActiveRecord: 0.7ms)


Started GET "/cats" for ::1 at 2019-06-19 15:20:14 -0600
Processing by CatsController#index as HTML
  Rendering cats/index.html.erb within layouts/application
  [1m[36mCat Load (0.9ms)[0m  [1m[34mSELECT "cats".* FROM "cats"[0m
  ↳ app/views/cats/index.html.erb:3
  Rendered cats/index.html.erb within layouts/application (66.9ms)
Completed 200 OK in 109ms (Views: 80.0ms | ActiveRecord: 23.4ms)


Started GET "/cats/5" for ::1 at 2019-06-19 15:20:20 -0600
Processing by CatsController#show as HTML
  Parameters: {"id"=>"5"}
  [1m[36mCat Load (11.1ms)[0m  [1m[34mSELECT  "cats".* FROM "cats" WHERE (5) LIMIT $1[0m  [["LIMIT", 1]]
  ↳ app/controllers/cats_controller.rb:8
Completed 500 Internal Server Error in 14ms (ActiveRecord: 11.1ms)



PG::DatatypeMismatch - ERROR:  argument of WHERE must be type boolean, not type integer
LINE 1: SELECT  "cats".* FROM "cats" WHERE (5) LIMIT $1
                                            ^
:
  app/controllers/cats_controller.rb:8:in `show'

Started POST "/__better_errors/d4b1c0553683a219/variables" for ::1 at 2019-06-19 15:20:20 -0600
Started GET "/cats/5" for ::1 at 2019-06-19 15:21:00 -0600
Processing by CatsController#show as HTML
  Parameters: {"id"=>"5"}
  [1m[36mCat Load (0.7ms)[0m  [1m[34mSELECT  "cats".* FROM "cats" WHERE "cats"."id" = $1 LIMIT $2[0m  [["id", 5], ["LIMIT", 1]]
  ↳ app/controllers/cats_controller.rb:8
  Rendering cats/show.html.erb within layouts/application
  Rendered cats/show.html.erb within layouts/application (0.9ms)
Completed 200 OK in 71ms (Views: 41.8ms | ActiveRecord: 6.1ms)


Started GET "/cats/5" for ::1 at 2019-06-19 15:21:40 -0600
Processing by CatsController#show as HTML
  Parameters: {"id"=>"5"}
  [1m[36mCat Load (0.6ms)[0m  [1m[34mSELECT  "cats".* FROM "cats" WHERE "cats"."id" = $1 LIMIT $2[0m  [["id", 5], ["LIMIT", 1]]
  ↳ app/controllers/cats_controller.rb:8
  Rendering cats/show.html.erb within layouts/application
  Rendered cats/show.html.erb within layouts/application (0.6ms)
Completed 200 OK in 33ms (Views: 30.6ms | ActiveRecord: 0.6ms)


Started GET "/cats/5" for ::1 at 2019-06-19 15:21:57 -0600
Processing by CatsController#show as HTML
  Parameters: {"id"=>"5"}
  [1m[36mCat Load (0.4ms)[0m  [1m[34mSELECT  "cats".* FROM "cats" WHERE "cats"."id" = $1 LIMIT $2[0m  [["id", 5], ["LIMIT", 1]]
  ↳ app/controllers/cats_controller.rb:8
  Rendering cats/show.html.erb within layouts/application
  Rendered cats/show.html.erb within layouts/application (0.4ms)
Completed 200 OK in 33ms (Views: 32.0ms | ActiveRecord: 0.4ms)


Started GET "/cats/5" for ::1 at 2019-06-19 15:22:16 -0600
Processing by CatsController#show as HTML
  Parameters: {"id"=>"5"}
  [1m[36mCat Load (0.6ms)[0m  [1m[34mSELECT  "cats".* FROM "cats" WHERE "cats"."id" = $1 LIMIT $2[0m  [["id", 5], ["LIMIT", 1]]
  ↳ app/controllers/cats_controller.rb:8
  Rendering cats/show.html.erb within layouts/application
  Rendered cats/show.html.erb within layouts/application (0.4ms)
Completed 200 OK in 38ms (Views: 35.5ms | ActiveRecord: 0.6ms)


Started GET "/cats/5" for ::1 at 2019-06-19 15:22:25 -0600
Processing by CatsController#show as HTML
  Parameters: {"id"=>"5"}
  [1m[36mCat Load (0.6ms)[0m  [1m[34mSELECT  "cats".* FROM "cats" WHERE "cats"."id" = $1 LIMIT $2[0m  [["id", 5], ["LIMIT", 1]]
  ↳ app/controllers/cats_controller.rb:8
  Rendering cats/show.html.erb within layouts/application
  Rendered cats/show.html.erb within layouts/application (3.2ms)
Completed 200 OK in 39ms (Views: 37.1ms | ActiveRecord: 0.6ms)


Started GET "/cats/5" for ::1 at 2019-06-19 15:24:15 -0600
Processing by CatsController#show as HTML
  Parameters: {"id"=>"5"}
  [1m[36mCat Load (0.8ms)[0m  [1m[34mSELECT  "cats".* FROM "cats" WHERE "cats"."id" = $1 LIMIT $2[0m  [["id", 5], ["LIMIT", 1]]
  ↳ app/controllers/cats_controller.rb:8
  Rendering cats/show.html.erb within layouts/application
  Rendered cats/show.html.erb within layouts/application (0.5ms)
Completed 200 OK in 47ms (Views: 43.8ms | ActiveRecord: 0.8ms)


Started GET "/cats/5" for ::1 at 2019-06-19 15:26:26 -0600
Processing by CatsController#show as HTML
  Parameters: {"id"=>"5"}
  [1m[36mCat Load (0.5ms)[0m  [1m[34mSELECT  "cats".* FROM "cats" WHERE "cats"."id" = $1 LIMIT $2[0m  [["id", 5], ["LIMIT", 1]]
  ↳ app/controllers/cats_controller.rb:8
  Rendering cats/show.html.erb within layouts/application
  Rendered cats/show.html.erb within layouts/application (0.4ms)
Completed 200 OK in 40ms (Views: 36.9ms | ActiveRecord: 0.5ms)


Started GET "/cats/" for ::1 at 2019-06-19 15:30:12 -0600
Processing by CatsController#index as HTML
  Rendering cats/index.html.erb within layouts/application
  Rendered cats/index.html.erb within layouts/application (2.3ms)
Completed 500 Internal Server Error in 10ms (ActiveRecord: 0.0ms)



SyntaxError - syntax error, unexpected end-of-input, expecting keyword_end
          end
             ^:
  app/views/cats/index.html.erb:35:in `'
  app/controllers/cats_controller.rb:4:in `index'

Started POST "/__better_errors/33e7c2d60b9eeac0/variables" for ::1 at 2019-06-19 15:30:12 -0600
  [1m[36mCat Load (0.2ms)[0m  [1m[34mSELECT  "cats".* FROM "cats" LIMIT $1[0m  [["LIMIT", 11]]
  ↳ /Users/campbelloleson/.rbenv/versions/2.5.1/lib/ruby/gems/2.5.0/gems/activerecord-5.2.3/lib/active_record/log_subscriber.rb:98
Started GET "/cats/" for ::1 at 2019-06-19 15:30:53 -0600
Processing by CatsController#index as HTML
  Rendering cats/index.html.erb within layouts/application
  [1m[36mCat Load (1.4ms)[0m  [1m[34mSELECT "cats".* FROM "cats"[0m
  ↳ app/views/cats/index.html.erb:3
  Rendered cats/index.html.erb within layouts/application (4.1ms)
Completed 200 OK in 44ms (Views: 42.2ms | ActiveRecord: 1.4ms)


Started GET "/cats/" for ::1 at 2019-06-19 15:31:24 -0600
Processing by CatsController#index as HTML
  Rendering cats/index.html.erb within layouts/application
  [1m[36mCat Load (1.8ms)[0m  [1m[34mSELECT "cats".* FROM "cats"[0m
  ↳ app/views/cats/index.html.erb:3
  Rendered cats/index.html.erb within layouts/application (5.0ms)
Completed 200 OK in 39ms (Views: 36.7ms | ActiveRecord: 1.8ms)


Started GET "/cats/" for ::1 at 2019-06-19 15:31:55 -0600
Processing by CatsController#index as HTML
  Rendering cats/index.html.erb within layouts/application
  [1m[36mCat Load (0.4ms)[0m  [1m[34mSELECT "cats".* FROM "cats"[0m
  ↳ app/views/cats/index.html.erb:3
  Rendered cats/index.html.erb within layouts/application (2.4ms)
Completed 200 OK in 38ms (Views: 34.8ms | ActiveRecord: 0.4ms)


Started GET "/cats/1" for ::1 at 2019-06-19 15:34:06 -0600
Processing by CatsController#show as HTML
  Parameters: {"id"=>"1"}
  [1m[36mCat Load (0.3ms)[0m  [1m[34mSELECT  "cats".* FROM "cats" WHERE "cats"."id" = $1 LIMIT $2[0m  [["id", 1], ["LIMIT", 1]]
  ↳ app/controllers/cats_controller.rb:8
  Rendering cats/show.html.erb within layouts/application
  Rendered cats/show.html.erb within layouts/application (7.3ms)
Completed 200 OK in 58ms (Views: 48.7ms | ActiveRecord: 0.3ms)


Started GET "/cats/5" for ::1 at 2019-06-19 15:34:14 -0600
Processing by CatsController#show as HTML
  Parameters: {"id"=>"5"}
  [1m[36mCat Load (0.4ms)[0m  [1m[34mSELECT  "cats".* FROM "cats" WHERE "cats"."id" = $1 LIMIT $2[0m  [["id", 5], ["LIMIT", 1]]
  ↳ app/controllers/cats_controller.rb:8
  Rendering cats/show.html.erb within layouts/application
  Rendered cats/show.html.erb within layouts/application (0.4ms)
Completed 200 OK in 34ms (Views: 31.3ms | ActiveRecord: 0.4ms)


Started GET "/cats/" for ::1 at 2019-06-19 15:34:35 -0600
Processing by CatsController#index as HTML
  Rendering cats/index.html.erb within layouts/application
  [1m[36mCat Load (0.7ms)[0m  [1m[34mSELECT "cats".* FROM "cats"[0m
  ↳ app/views/cats/index.html.erb:3
  Rendered cats/index.html.erb within layouts/application (10.3ms)
Completed 200 OK in 56ms (Views: 54.3ms | ActiveRecord: 0.7ms)


Started GET "/cats/" for ::1 at 2019-06-19 15:36:18 -0600
Processing by CatsController#index as HTML
  Rendering cats/index.html.erb within layouts/application
  [1m[36mCat Load (1.5ms)[0m  [1m[34mSELECT "cats".* FROM "cats"[0m
  ↳ app/views/cats/index.html.erb:3
  Rendered cats/index.html.erb within layouts/application (4.5ms)
Completed 200 OK in 44ms (Views: 41.5ms | ActiveRecord: 1.5ms)


Started GET "/cats/" for ::1 at 2019-06-19 15:36:41 -0600
Processing by CatsController#index as HTML
  Rendering cats/index.html.erb within layouts/application
  [1m[36mCat Load (0.9ms)[0m  [1m[34mSELECT "cats".* FROM "cats"[0m
  ↳ app/views/cats/index.html.erb:3
  Rendered cats/index.html.erb within layouts/application (3.3ms)
Completed 200 OK in 36ms (Views: 34.9ms | ActiveRecord: 0.9ms)


Started GET "/cats/" for ::1 at 2019-06-19 15:41:24 -0600
Processing by CatsController#index as HTML
  Rendering cats/index.html.erb within layouts/application
  [1m[36mCat Load (0.7ms)[0m  [1m[34mSELECT "cats".* FROM "cats"[0m
  ↳ app/views/cats/index.html.erb:3
  Rendered cats/index.html.erb within layouts/application (4.0ms)
Completed 200 OK in 50ms (Views: 46.2ms | ActiveRecord: 0.7ms)


Started GET "/cats/cat_url" for ::1 at 2019-06-19 15:41:26 -0600
Processing by CatsController#show as HTML
  Parameters: {"id"=>"cat_url"}
  [1m[36mCat Load (0.5ms)[0m  [1m[34mSELECT  "cats".* FROM "cats" WHERE "cats"."id" = $1 LIMIT $2[0m  [["id", 0], ["LIMIT", 1]]
  ↳ app/controllers/cats_controller.rb:8
Completed 404 Not Found in 4ms (ActiveRecord: 0.5ms)



ActiveRecord::RecordNotFound - Couldn't find Cat with 'id'=cat_url:
  app/controllers/cats_controller.rb:8:in `show'

Started POST "/__better_errors/6560acbf3276959f/variables" for ::1 at 2019-06-19 15:41:26 -0600
Started GET "/cats/" for ::1 at 2019-06-19 15:41:29 -0600
Processing by CatsController#index as HTML
  Rendering cats/index.html.erb within layouts/application
  [1m[36mCat Load (3.1ms)[0m  [1m[34mSELECT "cats".* FROM "cats"[0m
  ↳ app/views/cats/index.html.erb:3
  Rendered cats/index.html.erb within layouts/application (7.6ms)
Completed 200 OK in 34ms (Views: 30.0ms | ActiveRecord: 3.1ms)


Started GET "/cats/cat_url" for ::1 at 2019-06-19 15:41:32 -0600
Processing by CatsController#show as HTML
  Parameters: {"id"=>"cat_url"}
  [1m[36mCat Load (2.2ms)[0m  [1m[34mSELECT  "cats".* FROM "cats" WHERE "cats"."id" = $1 LIMIT $2[0m  [["id", 0], ["LIMIT", 1]]
  ↳ app/controllers/cats_controller.rb:8
Completed 404 Not Found in 11ms (ActiveRecord: 2.2ms)



ActiveRecord::RecordNotFound - Couldn't find Cat with 'id'=cat_url:
  app/controllers/cats_controller.rb:8:in `show'

Started POST "/__better_errors/2dd870758522ab76/variables" for ::1 at 2019-06-19 15:41:32 -0600
Started GET "/cats/cat_url" for ::1 at 2019-06-19 15:42:11 -0600
Processing by CatsController#show as HTML
  Parameters: {"id"=>"cat_url"}
  [1m[36mCat Load (0.5ms)[0m  [1m[34mSELECT  "cats".* FROM "cats" WHERE "cats"."id" = $1 LIMIT $2[0m  [["id", 0], ["LIMIT", 1]]
  ↳ app/controllers/cats_controller.rb:8
Completed 404 Not Found in 3ms (ActiveRecord: 0.5ms)



ActiveRecord::RecordNotFound - Couldn't find Cat with 'id'=cat_url:
  app/controllers/cats_controller.rb:8:in `show'

Started POST "/__better_errors/ec1db34d5e05cbfb/variables" for ::1 at 2019-06-19 15:42:11 -0600
Started GET "/cats/" for ::1 at 2019-06-19 15:42:19 -0600
Processing by CatsController#index as HTML
  Rendering cats/index.html.erb within layouts/application
  [1m[36mCat Load (10.2ms)[0m  [1m[34mSELECT "cats".* FROM "cats"[0m
  ↳ app/views/cats/index.html.erb:3
  Rendered cats/index.html.erb within layouts/application (20.2ms)
Completed 500 Internal Server Error in 29ms (ActiveRecord: 10.2ms)



ActionController::UrlGenerationError - No route matches {:action=>"show", :controller=>"cats"}, missing required keys: [:id]:
  app/views/cats/index.html.erb:24:in `block in _app_views_cats_index_html_erb___1100517551463528473_70169589212640'
  app/views/cats/index.html.erb:22:in `_app_views_cats_index_html_erb___1100517551463528473_70169589212640'
  app/controllers/cats_controller.rb:4:in `index'

Started POST "/__better_errors/aa0504db8e4ab13b/variables" for ::1 at 2019-06-19 15:42:19 -0600
Started POST "/__better_errors/aa0504db8e4ab13b/variables" for ::1 at 2019-06-19 15:43:21 -0600
Started GET "/cats/" for ::1 at 2019-06-19 15:43:42 -0600
Processing by CatsController#index as HTML
  Rendering cats/index.html.erb within layouts/application
  [1m[36mCat Load (0.9ms)[0m  [1m[34mSELECT "cats".* FROM "cats"[0m
  ↳ app/views/cats/index.html.erb:3
  Rendered cats/index.html.erb within layouts/application (10.9ms)
Completed 500 Internal Server Error in 19ms (ActiveRecord: 0.9ms)



ActionController::UrlGenerationError - No route matches {:action=>"show", :controller=>"cats"}, missing required keys: [:id]:
  app/views/cats/index.html.erb:24:in `block in _app_views_cats_index_html_erb___1100517551463528473_70169600594460'
  app/views/cats/index.html.erb:22:in `_app_views_cats_index_html_erb___1100517551463528473_70169600594460'
  app/controllers/cats_controller.rb:4:in `index'

Started POST "/__better_errors/aff4c52999117472/variables" for ::1 at 2019-06-19 15:43:42 -0600
Started GET "/cats/" for ::1 at 2019-06-19 15:44:30 -0600
Processing by CatsController#index as HTML
  Rendering cats/index.html.erb within layouts/application
  [1m[36mCat Load (0.5ms)[0m  [1m[34mSELECT "cats".* FROM "cats"[0m
  ↳ app/views/cats/index.html.erb:3
  Rendered cats/index.html.erb within layouts/application (4.8ms)
Completed 200 OK in 36ms (Views: 35.2ms | ActiveRecord: 0.5ms)


Started GET "/cats/2" for ::1 at 2019-06-19 15:44:32 -0600
Processing by CatsController#show as HTML
  Parameters: {"id"=>"2"}
  [1m[36mCat Load (1.3ms)[0m  [1m[34mSELECT  "cats".* FROM "cats" WHERE "cats"."id" = $1 LIMIT $2[0m  [["id", 2], ["LIMIT", 1]]
  ↳ app/controllers/cats_controller.rb:8
  Rendering cats/show.html.erb within layouts/application
  Rendered cats/show.html.erb within layouts/application (0.5ms)
Completed 200 OK in 27ms (Views: 24.2ms | ActiveRecord: 1.3ms)


Started GET "/cats/3" for ::1 at 2019-06-19 15:44:34 -0600
Processing by CatsController#show as HTML
  Parameters: {"id"=>"3"}
  [1m[36mCat Load (5.1ms)[0m  [1m[34mSELECT  "cats".* FROM "cats" WHERE "cats"."id" = $1 LIMIT $2[0m  [["id", 3], ["LIMIT", 1]]
  ↳ app/controllers/cats_controller.rb:8
  Rendering cats/show.html.erb within layouts/application
  Rendered cats/show.html.erb within layouts/application (0.5ms)
Completed 200 OK in 38ms (Views: 31.8ms | ActiveRecord: 5.1ms)


Started GET "/cats/" for ::1 at 2019-06-19 15:44:59 -0600
Processing by CatsController#index as HTML
  Rendering cats/index.html.erb within layouts/application
  [1m[36mCat Load (1.4ms)[0m  [1m[34mSELECT "cats".* FROM "cats"[0m
  ↳ app/views/cats/index.html.erb:3
  Rendered cats/index.html.erb within layouts/application (6.2ms)
Completed 200 OK in 50ms (Views: 48.5ms | ActiveRecord: 1.4ms)


Started GET "/cats/4" for ::1 at 2019-06-19 15:45:00 -0600
Processing by CatsController#show as HTML
  Parameters: {"id"=>"4"}
  [1m[36mCat Load (2.5ms)[0m  [1m[34mSELECT  "cats".* FROM "cats" WHERE "cats"."id" = $1 LIMIT $2[0m  [["id", 4], ["LIMIT", 1]]
  ↳ app/controllers/cats_controller.rb:8
  Rendering cats/show.html.erb within layouts/application
  Rendered cats/show.html.erb within layouts/application (0.5ms)
Completed 200 OK in 36ms (Views: 29.3ms | ActiveRecord: 2.5ms)


Started GET "/cats/4" for ::1 at 2019-06-19 15:45:01 -0600
Processing by CatsController#show as HTML
  Parameters: {"id"=>"4"}
  [1m[36mCat Load (0.6ms)[0m  [1m[34mSELECT  "cats".* FROM "cats" WHERE "cats"."id" = $1 LIMIT $2[0m  [["id", 4], ["LIMIT", 1]]
  ↳ app/controllers/cats_controller.rb:8
  Rendering cats/show.html.erb within layouts/application
  Rendered cats/show.html.erb within layouts/application (0.7ms)
Completed 200 OK in 25ms (Views: 23.3ms | ActiveRecord: 0.6ms)


Started GET "/cats/" for ::1 at 2019-06-19 15:45:02 -0600
Processing by CatsController#index as HTML
  Rendering cats/index.html.erb within layouts/application
  [1m[36mCat Load (0.5ms)[0m  [1m[34mSELECT "cats".* FROM "cats"[0m
  ↳ app/views/cats/index.html.erb:3
  Rendered cats/index.html.erb within layouts/application (7.6ms)
Completed 200 OK in 36ms (Views: 33.4ms | ActiveRecord: 0.5ms)


Started GET "/cats/4" for ::1 at 2019-06-19 15:47:20 -0600
Processing by CatsController#show as HTML
  Parameters: {"id"=>"4"}
  [1m[36mCat Load (4.3ms)[0m  [1m[34mSELECT  "cats".* FROM "cats" WHERE "cats"."id" = $1 LIMIT $2[0m  [["id", 4], ["LIMIT", 1]]
  ↳ app/controllers/cats_controller.rb:8
  Rendering cats/show.html.erb within layouts/application
  Rendered cats/show.html.erb within layouts/application (0.4ms)
Completed 200 OK in 71ms (Views: 64.3ms | ActiveRecord: 4.3ms)


Started GET "/cats/" for ::1 at 2019-06-19 15:47:22 -0600
Processing by CatsController#index as HTML
  Rendering cats/index.html.erb within layouts/application
  [1m[36mCat Load (1.4ms)[0m  [1m[34mSELECT "cats".* FROM "cats"[0m
  ↳ app/views/cats/index.html.erb:3
  Rendered cats/index.html.erb within layouts/application (5.6ms)
Completed 200 OK in 34ms (Views: 32.1ms | ActiveRecord: 1.4ms)


Started GET "/cats.2" for ::1 at 2019-06-19 15:47:25 -0600
Processing by CatsController#index as 
  Rendering cats/index.html.erb within layouts/application
  [1m[36mCat Load (0.4ms)[0m  [1m[34mSELECT "cats".* FROM "cats"[0m
  ↳ app/views/cats/index.html.erb:3
  Rendered cats/index.html.erb within layouts/application (4.5ms)
Completed 200 OK in 59ms (Views: 58.1ms | ActiveRecord: 0.4ms)


Started GET "/cats.2" for ::1 at 2019-06-19 15:47:26 -0600
Processing by CatsController#index as 
  Rendering cats/index.html.erb within layouts/application
  [1m[36mCat Load (1.1ms)[0m  [1m[34mSELECT "cats".* FROM "cats"[0m
  ↳ app/views/cats/index.html.erb:3
  Rendered cats/index.html.erb within layouts/application (5.9ms)
Completed 200 OK in 69ms (Views: 67.1ms | ActiveRecord: 1.1ms)


Started GET "/cats.3" for ::1 at 2019-06-19 15:47:26 -0600
Processing by CatsController#index as 
  Rendering cats/index.html.erb within layouts/application
  [1m[36mCat Load (0.6ms)[0m  [1m[34mSELECT "cats".* FROM "cats"[0m
  ↳ app/views/cats/index.html.erb:3
  Rendered cats/index.html.erb within layouts/application (4.1ms)
Completed 200 OK in 64ms (Views: 62.5ms | ActiveRecord: 0.6ms)


Started GET "/cats.1" for ::1 at 2019-06-19 15:47:27 -0600
Processing by CatsController#index as 
  Rendering cats/index.html.erb within layouts/application
  [1m[36mCat Load (0.4ms)[0m  [1m[34mSELECT "cats".* FROM "cats"[0m
  ↳ app/views/cats/index.html.erb:3
  Rendered cats/index.html.erb within layouts/application (9.1ms)
Completed 200 OK in 69ms (Views: 67.4ms | ActiveRecord: 0.4ms)


Started GET "/cats.2" for ::1 at 2019-06-19 15:47:27 -0600
Processing by CatsController#index as 
  Rendering cats/index.html.erb within layouts/application
  [1m[36mCat Load (0.6ms)[0m  [1m[34mSELECT "cats".* FROM "cats"[0m
  ↳ app/views/cats/index.html.erb:3
  Rendered cats/index.html.erb within layouts/application (4.2ms)
Completed 200 OK in 65ms (Views: 63.2ms | ActiveRecord: 0.6ms)


Started GET "/cats.4" for ::1 at 2019-06-19 15:47:29 -0600
Processing by CatsController#index as 
  Rendering cats/index.html.erb within layouts/application
  [1m[36mCat Load (0.6ms)[0m  [1m[34mSELECT "cats".* FROM "cats"[0m
  ↳ app/views/cats/index.html.erb:3
  Rendered cats/index.html.erb within layouts/application (6.1ms)
Completed 200 OK in 66ms (Views: 64.9ms | ActiveRecord: 0.6ms)


Started GET "/cats.4" for ::1 at 2019-06-19 15:47:36 -0600
Processing by CatsController#index as 
  Rendering cats/index.html.erb within layouts/application
  [1m[36mCat Load (0.6ms)[0m  [1m[34mSELECT "cats".* FROM "cats"[0m
  ↳ app/views/cats/index.html.erb:3
  Rendered cats/index.html.erb within layouts/application (4.7ms)
Completed 200 OK in 54ms (Views: 50.7ms | ActiveRecord: 0.6ms)


Started GET "/cats/6" for ::1 at 2019-06-19 15:47:37 -0600
Processing by CatsController#show as HTML
  Parameters: {"id"=>"6"}
  [1m[36mCat Load (1.8ms)[0m  [1m[34mSELECT  "cats".* FROM "cats" WHERE "cats"."id" = $1 LIMIT $2[0m  [["id", 6], ["LIMIT", 1]]
  ↳ app/controllers/cats_controller.rb:8
  Rendering cats/show.html.erb within layouts/application
  Rendered cats/show.html.erb within layouts/application (1.9ms)
Completed 200 OK in 38ms (Views: 34.4ms | ActiveRecord: 1.8ms)


Started GET "/cats.4" for ::1 at 2019-06-19 15:47:58 -0600
Processing by CatsController#index as 
  Rendering cats/index.html.erb within layouts/application
  [1m[36mCat Load (0.5ms)[0m  [1m[34mSELECT "cats".* FROM "cats"[0m
  ↳ app/views/cats/index.html.erb:3
  Rendered cats/index.html.erb within layouts/application (8.1ms)
Completed 200 OK in 52ms (Views: 50.4ms | ActiveRecord: 0.5ms)


Started GET "/cats/new.4" for ::1 at 2019-06-19 15:48:01 -0600
Processing by CatsController#new as 
  Rendering cats/new.html.erb within layouts/application
  Rendered cats/new.html.erb within layouts/application (0.3ms)
Completed 200 OK in 66ms (Views: 38.2ms | ActiveRecord: 0.0ms)


Started GET "/cats.4" for ::1 at 2019-06-19 15:48:19 -0600
Processing by CatsController#index as 
  Rendering cats/index.html.erb within layouts/application
  [1m[36mCat Load (0.7ms)[0m  [1m[34mSELECT "cats".* FROM "cats"[0m
  ↳ app/views/cats/index.html.erb:3
  Rendered cats/index.html.erb within layouts/application (4.4ms)
Completed 200 OK in 61ms (Views: 59.9ms | ActiveRecord: 0.7ms)


Started GET "/cats/6" for ::1 at 2019-06-19 15:48:21 -0600
Processing by CatsController#show as HTML
  Parameters: {"id"=>"6"}
  [1m[36mCat Load (2.7ms)[0m  [1m[34mSELECT  "cats".* FROM "cats" WHERE "cats"."id" = $1 LIMIT $2[0m  [["id", 6], ["LIMIT", 1]]
  ↳ app/controllers/cats_controller.rb:8
  Rendering cats/show.html.erb within layouts/application
  Rendered cats/show.html.erb within layouts/application (0.6ms)
Completed 200 OK in 36ms (Views: 30.2ms | ActiveRecord: 2.7ms)


Started GET "/cats.4" for ::1 at 2019-06-19 15:48:31 -0600
Processing by CatsController#index as 
  Rendering cats/index.html.erb within layouts/application
  [1m[36mCat Load (0.6ms)[0m  [1m[34mSELECT "cats".* FROM "cats"[0m
  ↳ app/views/cats/index.html.erb:3
  Rendered cats/index.html.erb within layouts/application (3.2ms)
Completed 200 OK in 39ms (Views: 37.7ms | ActiveRecord: 0.6ms)


Started GET "/cats/1" for ::1 at 2019-06-19 16:00:56 -0600
Processing by CatsController#show as HTML
  Parameters: {"id"=>"1"}
  [1m[36mCat Load (0.5ms)[0m  [1m[34mSELECT  "cats".* FROM "cats" WHERE "cats"."id" = $1 LIMIT $2[0m  [["id", 1], ["LIMIT", 1]]
  ↳ app/controllers/cats_controller.rb:8
  Rendering cats/show.html.erb within layouts/application
  Rendered cats/show.html.erb within layouts/application (0.6ms)
Completed 200 OK in 29ms (Views: 25.8ms | ActiveRecord: 0.8ms)


Started GET "/cats.4" for ::1 at 2019-06-19 16:01:07 -0600
Processing by CatsController#index as 
  Rendering cats/index.html.erb within layouts/application
  [1m[36mCat Load (0.4ms)[0m  [1m[34mSELECT "cats".* FROM "cats"[0m
  ↳ app/views/cats/index.html.erb:3
  Rendered cats/index.html.erb within layouts/application (4.3ms)
Completed 200 OK in 52ms (Views: 50.2ms | ActiveRecord: 0.4ms)


Started GET "/cats/4" for ::1 at 2019-06-19 16:01:09 -0600
Processing by CatsController#show as HTML
  Parameters: {"id"=>"4"}
  [1m[36mCat Load (0.5ms)[0m  [1m[34mSELECT  "cats".* FROM "cats" WHERE "cats"."id" = $1 LIMIT $2[0m  [["id", 4], ["LIMIT", 1]]
  ↳ app/controllers/cats_controller.rb:8
  Rendering cats/show.html.erb within layouts/application
  Rendered cats/show.html.erb within layouts/application (1.0ms)
Completed 200 OK in 37ms (Views: 34.4ms | ActiveRecord: 0.5ms)


Started GET "/cats/2" for ::1 at 2019-06-19 16:01:12 -0600
Processing by CatsController#show as HTML
  Parameters: {"id"=>"2"}
  [1m[36mCat Load (1.8ms)[0m  [1m[34mSELECT  "cats".* FROM "cats" WHERE "cats"."id" = $1 LIMIT $2[0m  [["id", 2], ["LIMIT", 1]]
  ↳ app/controllers/cats_controller.rb:8
  Rendering cats/show.html.erb within layouts/application
  Rendered cats/show.html.erb within layouts/application (0.4ms)
Completed 200 OK in 32ms (Views: 28.4ms | ActiveRecord: 1.8ms)


Started GET "/cats/4" for ::1 at 2019-06-19 16:01:14 -0600
Processing by CatsController#show as HTML
  Parameters: {"id"=>"4"}
  [1m[36mCat Load (1.0ms)[0m  [1m[34mSELECT  "cats".* FROM "cats" WHERE "cats"."id" = $1 LIMIT $2[0m  [["id", 4], ["LIMIT", 1]]
  ↳ app/controllers/cats_controller.rb:8
  Rendering cats/show.html.erb within layouts/application
  Rendered cats/show.html.erb within layouts/application (0.5ms)
Completed 200 OK in 40ms (Views: 37.1ms | ActiveRecord: 1.0ms)


Started GET "/cats/6" for ::1 at 2019-06-19 16:01:21 -0600
Processing by CatsController#show as HTML
  Parameters: {"id"=>"6"}
  [1m[36mCat Load (0.8ms)[0m  [1m[34mSELECT  "cats".* FROM "cats" WHERE "cats"."id" = $1 LIMIT $2[0m  [["id", 6], ["LIMIT", 1]]
  ↳ app/controllers/cats_controller.rb:8
  Rendering cats/show.html.erb within layouts/application
  Rendered cats/show.html.erb within layouts/application (0.7ms)
Completed 200 OK in 40ms (Views: 37.6ms | ActiveRecord: 0.8ms)


Started GET "/cats/4" for ::1 at 2019-06-19 16:01:41 -0600
Processing by CatsController#show as HTML
  Parameters: {"id"=>"4"}
  [1m[36mCat Load (0.6ms)[0m  [1m[34mSELECT  "cats".* FROM "cats" WHERE "cats"."id" = $1 LIMIT $2[0m  [["id", 4], ["LIMIT", 1]]
  ↳ app/controllers/cats_controller.rb:8
  Rendering cats/show.html.erb within layouts/application
  Rendered cats/show.html.erb within layouts/application (0.5ms)
Completed 200 OK in 35ms (Views: 32.7ms | ActiveRecord: 0.6ms)


Started GET "/cats.4" for ::1 at 2019-06-19 16:01:53 -0600
Processing by CatsController#index as 
  Rendering cats/index.html.erb within layouts/application
  [1m[36mCat Load (0.5ms)[0m  [1m[34mSELECT "cats".* FROM "cats"[0m
  ↳ app/views/cats/index.html.erb:3
  Rendered cats/index.html.erb within layouts/application (4.7ms)
Completed 200 OK in 51ms (Views: 49.7ms | ActiveRecord: 0.5ms)


Started GET "/cats.4" for ::1 at 2019-06-19 16:05:17 -0600
Processing by CatsController#index as 
  Rendering cats/index.html.erb within layouts/application
  [1m[36mCat Load (0.5ms)[0m  [1m[34mSELECT "cats".* FROM "cats"[0m
  ↳ app/views/cats/index.html.erb:3
  Rendered cats/index.html.erb within layouts/application (17.1ms)
Completed 200 OK in 61ms (Views: 47.9ms | ActiveRecord: 9.6ms)


Started GET "/cats/new" for ::1 at 2019-06-19 16:07:26 -0600
Processing by CatsController#new as HTML
  Rendering cats/new.html.erb within layouts/application
  Rendered cats/new.html.erb within layouts/application (0.4ms)
Completed 200 OK in 28ms (Views: 27.2ms | ActiveRecord: 0.0ms)


Started GET "/cats/new" for ::1 at 2019-06-19 16:11:01 -0600
Processing by CatsController#new as HTML
  Rendering cats/new.html.erb within layouts/application
  Rendered cats/new.html.erb within layouts/application (0.5ms)
Completed 200 OK in 37ms (Views: 36.4ms | ActiveRecord: 0.0ms)


Started GET "/cats/new" for ::1 at 2019-06-19 16:12:50 -0600
Processing by CatsController#new as HTML
  Rendering cats/new.html.erb within layouts/application
  Rendered cats/new.html.erb within layouts/application (15.2ms)
Completed 200 OK in 82ms (Views: 75.2ms | ActiveRecord: 0.0ms)


Started GET "/cats/new" for ::1 at 2019-06-19 16:13:14 -0600
Processing by CatsController#new as HTML
  Rendering cats/new.html.erb within layouts/application
  Rendered cats/new.html.erb within layouts/application (1.2ms)
Completed 200 OK in 55ms (Views: 54.1ms | ActiveRecord: 0.0ms)


Started GET "/cats/new" for ::1 at 2019-06-19 16:13:38 -0600
Processing by CatsController#new as HTML
  Rendering cats/new.html.erb within layouts/application
  Rendered cats/new.html.erb within layouts/application (0.6ms)
Completed 200 OK in 34ms (Views: 33.1ms | ActiveRecord: 0.0ms)


Started GET "/cats/new" for ::1 at 2019-06-19 16:14:16 -0600
Processing by CatsController#new as HTML
  Rendering cats/new.html.erb within layouts/application
  Rendered cats/new.html.erb within layouts/application (0.8ms)
Completed 200 OK in 44ms (Views: 43.7ms | ActiveRecord: 0.0ms)


Started GET "/cats/new" for ::1 at 2019-06-19 16:14:41 -0600
Processing by CatsController#new as HTML
  Rendering cats/new.html.erb within layouts/application
  Rendered cats/new.html.erb within layouts/application (0.7ms)
Completed 200 OK in 38ms (Views: 36.9ms | ActiveRecord: 0.0ms)


Started GET "/cats/new" for ::1 at 2019-06-19 16:15:57 -0600
Processing by CatsController#new as HTML
  Rendering cats/new.html.erb within layouts/application
  Rendered cats/new.html.erb within layouts/application (0.8ms)
Completed 200 OK in 33ms (Views: 32.3ms | ActiveRecord: 0.0ms)


Started GET "/cats/new" for ::1 at 2019-06-19 16:16:36 -0600
Processing by CatsController#new as HTML
  Rendering cats/new.html.erb within layouts/application
  Rendered cats/new.html.erb within layouts/application (6.7ms)
Completed 200 OK in 36ms (Views: 35.7ms | ActiveRecord: 0.0ms)


Started GET "/cats/new" for ::1 at 2019-06-19 16:19:53 -0600
Processing by CatsController#new as HTML
  Rendering cats/new.html.erb within layouts/application
  Rendered cats/new.html.erb within layouts/application (0.6ms)
Completed 200 OK in 33ms (Views: 32.4ms | ActiveRecord: 0.0ms)


Started GET "/cats/new" for ::1 at 2019-06-19 16:20:13 -0600
Processing by CatsController#new as HTML
  Rendering cats/new.html.erb within layouts/application
  Rendered cats/new.html.erb within layouts/application (0.6ms)
Completed 200 OK in 38ms (Views: 36.8ms | ActiveRecord: 0.0ms)


Started GET "/cats/new" for ::1 at 2019-06-19 16:21:03 -0600
Processing by CatsController#new as HTML
  Rendering cats/new.html.erb within layouts/application
  Rendered cats/new.html.erb within layouts/application (0.8ms)
Completed 200 OK in 35ms (Views: 33.4ms | ActiveRecord: 0.0ms)


Started GET "/cats/new" for ::1 at 2019-06-19 16:21:07 -0600
Processing by CatsController#new as HTML
  Rendering cats/new.html.erb within layouts/application
  Rendered cats/new.html.erb within layouts/application (1.3ms)
Completed 200 OK in 41ms (Views: 39.9ms | ActiveRecord: 0.0ms)


Started GET "/cats/new" for ::1 at 2019-06-19 16:21:54 -0600
Processing by CatsController#new as HTML
  Rendering cats/new.html.erb within layouts/application
  Rendered cats/new.html.erb within layouts/application (1.4ms)
Completed 200 OK in 49ms (Views: 47.6ms | ActiveRecord: 0.0ms)


Started GET "/cats/new" for ::1 at 2019-06-19 16:21:56 -0600
Processing by CatsController#new as HTML
  Rendering cats/new.html.erb within layouts/application
  Rendered cats/new.html.erb within layouts/application (0.8ms)
Completed 200 OK in 35ms (Views: 33.9ms | ActiveRecord: 0.0ms)


Started GET "/cats/new" for ::1 at 2019-06-19 16:22:28 -0600
Processing by CatsController#new as HTML
  Rendering cats/new.html.erb within layouts/application
  Rendered cats/new.html.erb within layouts/application (0.6ms)
Completed 200 OK in 33ms (Views: 31.9ms | ActiveRecord: 0.0ms)


Started GET "/cats/new" for ::1 at 2019-06-19 16:23:31 -0600
Processing by CatsController#new as HTML
  Rendering cats/new.html.erb within layouts/application
  Rendered cats/new.html.erb within layouts/application (516.6ms)
Completed 500 Internal Server Error in 532ms (ActiveRecord: 0.0ms)



NameError - undefined local variable or method `cat' for #<#<Class:0x00007fa3442a1ab8>:0x00007fa33f653bc0>
Did you mean?  @cat:
  app/views/cats/new.html.erb:13:in `_app_views_cats_new_html_erb___3308418675597140030_70169559962440'
  app/controllers/cats_controller.rb:14:in `new'

Started POST "/__better_errors/b0cb1720e1f9c3ea/variables" for ::1 at 2019-06-19 16:23:32 -0600
Started GET "/cats/new" for ::1 at 2019-06-19 16:23:44 -0600
Processing by CatsController#new as HTML
  Rendering cats/new.html.erb within layouts/application
  Rendered cats/new.html.erb within layouts/application (1.7ms)
Completed 500 Internal Server Error in 32ms (ActiveRecord: 0.0ms)



SyntaxError - syntax error, unexpected tSTRING_BEG, expecting keyword_end
...ext" name="'.freeze;@cat[name]"> 
...                              ^
/Users/campbelloleson/Desktop/cats_99/app/views/cats/new.html.erb:7: syntax error, unexpected tIDENTIFIER, expecting keyword_end
<input type="radio"> Male   
             ^~~~~
/Users/campbelloleson/Desktop/cats_99/app/views/cats/new.html.erb:9: syntax error, unexpected tIDENTIFIER, expecting keyword_end
<input type="radio"> Female
             ^~~~~:
  app/views/cats/new.html.erb:4:in `'
  app/controllers/cats_controller.rb:14:in `new'

Started POST "/__better_errors/f6415384ad300ae3/variables" for ::1 at 2019-06-19 16:23:44 -0600
Started GET "/cats" for ::1 at 2019-06-19 16:28:34 -0600
Processing by CatsController#index as HTML
  Rendering cats/index.html.erb within layouts/application
  [1m[36mCat Load (5.5ms)[0m  [1m[34mSELECT "cats".* FROM "cats"[0m
  ↳ app/views/cats/index.html.erb:3
  Rendered cats/index.html.erb within layouts/application (23.5ms)
Completed 200 OK in 97ms (Views: 87.2ms | ActiveRecord: 5.5ms)


Started GET "/cats" for ::1 at 2019-06-19 16:28:38 -0600
Processing by CatsController#index as HTML
  Rendering cats/index.html.erb within layouts/application
  [1m[36mCat Load (0.5ms)[0m  [1m[34mSELECT "cats".* FROM "cats"[0m
  ↳ app/views/cats/index.html.erb:3
  Rendered cats/index.html.erb within layouts/application (3.8ms)
Completed 200 OK in 52ms (Views: 50.5ms | ActiveRecord: 0.5ms)


Started GET "/cats/new" for ::1 at 2019-06-19 16:28:46 -0600
Processing by CatsController#new as HTML
  Rendering cats/new.html.erb within layouts/application
  Rendered cats/new.html.erb within layouts/application (1.8ms)
Completed 200 OK in 36ms (Views: 35.0ms | ActiveRecord: 0.0ms)


Started GET "/cats/new" for ::1 at 2019-06-19 16:31:15 -0600
Processing by CatsController#new as HTML
  Rendering cats/new.html.erb within layouts/application
  Rendered cats/new.html.erb within layouts/application (0.7ms)
Completed 200 OK in 39ms (Views: 37.8ms | ActiveRecord: 0.0ms)


Started GET "/cats/new" for ::1 at 2019-06-19 16:32:12 -0600
Processing by CatsController#new as HTML
  Rendering cats/new.html.erb within layouts/application
  Rendered cats/new.html.erb within layouts/application (1.8ms)
Completed 200 OK in 28ms (Views: 27.0ms | ActiveRecord: 0.0ms)


Started GET "/cats/new" for ::1 at 2019-06-19 16:33:36 -0600
Processing by CatsController#new as HTML
  Rendering cats/new.html.erb within layouts/application
  Rendered cats/new.html.erb within layouts/application (0.7ms)
Completed 200 OK in 25ms (Views: 24.5ms | ActiveRecord: 0.0ms)


Started GET "/cats/new" for ::1 at 2019-06-19 16:33:37 -0600
Processing by CatsController#new as HTML
  Rendering cats/new.html.erb within layouts/application
  Rendered cats/new.html.erb within layouts/application (0.7ms)
Completed 200 OK in 46ms (Views: 45.2ms | ActiveRecord: 0.0ms)


Started GET "/cats/new" for ::1 at 2019-06-19 16:33:57 -0600
Processing by CatsController#new as HTML
  Rendering cats/new.html.erb within layouts/application
  Rendered cats/new.html.erb within layouts/application (0.4ms)
Completed 200 OK in 34ms (Views: 33.0ms | ActiveRecord: 0.0ms)


Started GET "/cats/new" for ::1 at 2019-06-19 16:34:44 -0600
Processing by CatsController#new as HTML
  Rendering cats/new.html.erb within layouts/application
  Rendered cats/new.html.erb within layouts/application (1.4ms)
Completed 200 OK in 29ms (Views: 28.0ms | ActiveRecord: 0.0ms)


Started GET "/cats/new" for ::1 at 2019-06-19 16:34:49 -0600
Processing by CatsController#new as HTML
  Rendering cats/new.html.erb within layouts/application
  Rendered cats/new.html.erb within layouts/application (0.8ms)
Completed 200 OK in 36ms (Views: 34.7ms | ActiveRecord: 0.0ms)


Started GET "/cats/new" for ::1 at 2019-06-19 16:35:08 -0600
Processing by CatsController#new as HTML
  Rendering cats/new.html.erb within layouts/application
  Rendered cats/new.html.erb within layouts/application (0.9ms)
Completed 200 OK in 35ms (Views: 34.4ms | ActiveRecord: 0.0ms)


Started GET "/cats/new" for ::1 at 2019-06-19 16:37:03 -0600
Processing by CatsController#new as HTML
  Rendering cats/new.html.erb within layouts/application
  Rendered cats/new.html.erb within layouts/application (0.8ms)
Completed 200 OK in 28ms (Views: 27.9ms | ActiveRecord: 0.0ms)


Started GET "/cats/new" for ::1 at 2019-06-19 16:37:04 -0600
Processing by CatsController#new as HTML
  Rendering cats/new.html.erb within layouts/application
  Rendered cats/new.html.erb within layouts/application (0.9ms)
Completed 200 OK in 38ms (Views: 37.2ms | ActiveRecord: 0.0ms)


Started GET "/cats/new" for ::1 at 2019-06-19 16:37:05 -0600
Processing by CatsController#new as HTML
  Rendering cats/new.html.erb within layouts/application
  Rendered cats/new.html.erb within layouts/application (0.6ms)
Completed 200 OK in 42ms (Views: 40.5ms | ActiveRecord: 0.0ms)


Started GET "/cats/new" for ::1 at 2019-06-19 16:37:25 -0600
Processing by CatsController#new as HTML
  Rendering cats/new.html.erb within layouts/application
  Rendered cats/new.html.erb within layouts/application (1.1ms)
Completed 200 OK in 33ms (Views: 32.4ms | ActiveRecord: 0.0ms)


Started GET "/cats/new" for ::1 at 2019-06-19 16:38:47 -0600
Processing by CatsController#new as HTML
  Rendering cats/new.html.erb within layouts/application
  Rendered cats/new.html.erb within layouts/application (0.6ms)
Completed 200 OK in 67ms (Views: 63.6ms | ActiveRecord: 0.0ms)


Started GET "/cats/new" for ::1 at 2019-06-19 16:39:19 -0600
Processing by CatsController#new as HTML
  Rendering cats/new.html.erb within layouts/application
  Rendered cats/new.html.erb within layouts/application (0.8ms)
Completed 200 OK in 35ms (Views: 34.1ms | ActiveRecord: 0.0ms)


Started GET "/cats/new" for ::1 at 2019-06-19 16:41:05 -0600
Processing by CatsController#new as HTML
  Rendering cats/new.html.erb within layouts/application
  Rendered cats/new.html.erb within layouts/application (1.4ms)
Completed 200 OK in 41ms (Views: 40.2ms | ActiveRecord: 0.0ms)


Started GET "/cats/new" for ::1 at 2019-06-19 16:42:49 -0600
Processing by CatsController#new as HTML
  Rendering cats/new.html.erb within layouts/application
  Rendered cats/new.html.erb within layouts/application (1.7ms)
Completed 200 OK in 32ms (Views: 31.7ms | ActiveRecord: 0.0ms)


Started GET "/cats/new" for ::1 at 2019-06-19 16:42:51 -0600
Processing by CatsController#new as HTML
  Rendering cats/new.html.erb within layouts/application
  Rendered cats/new.html.erb within layouts/application (2.9ms)
Completed 200 OK in 36ms (Views: 34.8ms | ActiveRecord: 0.0ms)


Started GET "/cats/new" for ::1 at 2019-06-19 16:43:48 -0600
Processing by CatsController#new as HTML
  Rendering cats/new.html.erb within layouts/application
  Rendered cats/new.html.erb within layouts/application (0.5ms)
Completed 200 OK in 36ms (Views: 35.1ms | ActiveRecord: 0.0ms)


Started GET "/cats/new" for ::1 at 2019-06-19 16:44:43 -0600
Processing by CatsController#new as HTML
  Rendering cats/new.html.erb within layouts/application
  Rendered cats/new.html.erb within layouts/application (1.0ms)
Completed 200 OK in 21ms (Views: 20.1ms | ActiveRecord: 0.0ms)


Started GET "/cats/new" for ::1 at 2019-06-19 16:44:59 -0600
Processing by CatsController#new as HTML
  Rendering cats/new.html.erb within layouts/application
  Rendered cats/new.html.erb within layouts/application (0.8ms)
Completed 200 OK in 45ms (Views: 43.2ms | ActiveRecord: 0.0ms)


Started GET "/cats/new" for ::1 at 2019-06-19 16:45:10 -0600
Processing by CatsController#new as HTML
  Rendering cats/new.html.erb within layouts/application
  Rendered cats/new.html.erb within layouts/application (0.6ms)
Completed 200 OK in 35ms (Views: 34.0ms | ActiveRecord: 0.0ms)


Started GET "/cats/new" for ::1 at 2019-06-19 16:45:46 -0600
Processing by CatsController#new as HTML
  Rendering cats/new.html.erb within layouts/application
  Rendered cats/new.html.erb within layouts/application (0.6ms)
Completed 200 OK in 39ms (Views: 38.7ms | ActiveRecord: 0.0ms)


Started GET "/cats/new" for ::1 at 2019-06-19 16:46:00 -0600
Processing by CatsController#new as HTML
  Rendering cats/new.html.erb within layouts/application
  Rendered cats/new.html.erb within layouts/application (0.7ms)
Completed 200 OK in 34ms (Views: 32.9ms | ActiveRecord: 0.0ms)


Started GET "/cats/" for ::1 at 2019-06-19 16:47:31 -0600
Processing by CatsController#index as HTML
  Rendering cats/index.html.erb within layouts/application
  [1m[36mCat Load (1.4ms)[0m  [1m[34mSELECT "cats".* FROM "cats"[0m
  ↳ app/views/cats/index.html.erb:3
  Rendered cats/index.html.erb within layouts/application (6.9ms)
Completed 200 OK in 64ms (Views: 62.4ms | ActiveRecord: 1.4ms)


Started GET "/cats/2" for ::1 at 2019-06-19 16:47:33 -0600
Processing by CatsController#show as HTML
  Parameters: {"id"=>"2"}
  [1m[36mCat Load (1.0ms)[0m  [1m[34mSELECT  "cats".* FROM "cats" WHERE "cats"."id" = $1 LIMIT $2[0m  [["id", 2], ["LIMIT", 1]]
  ↳ app/controllers/cats_controller.rb:8
  Rendering cats/show.html.erb within layouts/application
  Rendered cats/show.html.erb within layouts/application (0.3ms)
Completed 200 OK in 39ms (Views: 33.7ms | ActiveRecord: 1.0ms)


Started GET "/cats/new" for ::1 at 2019-06-19 16:48:46 -0600
Processing by CatsController#new as HTML
  Rendering cats/new.html.erb within layouts/application
  Rendered cats/new.html.erb within layouts/application (1.4ms)
Completed 200 OK in 40ms (Views: 39.0ms | ActiveRecord: 0.0ms)


Started POST "/cats" for ::1 at 2019-06-19 16:49:10 -0600
Processing by CatsController#create as HTML
  Parameters: {"cat"=>{"name"=>"", "birth_date"=>""}}
Can't verify CSRF token authenticity.
Completed 422 Unprocessable Entity in 2ms (ActiveRecord: 0.0ms)



ActionController::InvalidAuthenticityToken - ActionController::InvalidAuthenticityToken:

Started POST "/__better_errors/9569ec0d48df9754/variables" for ::1 at 2019-06-19 16:49:10 -0600
Started GET "/cats/new" for ::1 at 2019-06-19 16:49:29 -0600
Processing by CatsController#new as HTML
  Rendering cats/new.html.erb within layouts/application
  Rendered cats/new.html.erb within layouts/application (0.8ms)
Completed 200 OK in 37ms (Views: 32.4ms | ActiveRecord: 0.0ms)


Started POST "/cats" for ::1 at 2019-06-19 16:49:31 -0600
Processing by CatsController#create as HTML
  Parameters: {"cat"=>{"name"=>"", "birth_date"=>""}}
Can't verify CSRF token authenticity.
Completed 422 Unprocessable Entity in 1ms (ActiveRecord: 0.0ms)



ActionController::InvalidAuthenticityToken - ActionController::InvalidAuthenticityToken:

Started POST "/__better_errors/bf69dbdba2a7a1fd/variables" for ::1 at 2019-06-19 16:49:31 -0600
Started GET "/cats/new" for ::1 at 2019-06-19 16:49:44 -0600
Processing by CatsController#new as HTML
  Rendering cats/new.html.erb within layouts/application
  Rendered cats/new.html.erb within layouts/application (1.2ms)
Completed 200 OK in 38ms (Views: 37.4ms | ActiveRecord: 0.0ms)


Started POST "/cats" for ::1 at 2019-06-19 16:50:58 -0600
Processing by CatsController#create as HTML
  Parameters: {"cat"=>{"name"=>"campbell", "birth_date"=>"2019-06-04", "sex"=>"on", "color"=>"orange"}}
Can't verify CSRF token authenticity.
Completed 422 Unprocessable Entity in 1ms (ActiveRecord: 0.0ms)



ActionController::InvalidAuthenticityToken - ActionController::InvalidAuthenticityToken:

Started POST "/__better_errors/547a5b250ef4faea/variables" for ::1 at 2019-06-19 16:50:58 -0600
Started GET "/cats/new" for ::1 at 2019-06-19 16:51:09 -0600
Processing by CatsController#new as HTML
  Rendering cats/new.html.erb within layouts/application
  Rendered cats/new.html.erb within layouts/application (0.5ms)
Completed 200 OK in 27ms (Views: 25.9ms | ActiveRecord: 0.0ms)


Started POST "/cats" for ::1 at 2019-06-19 16:51:11 -0600
Processing by CatsController#create as HTML
  Parameters: {"cat"=>{"name"=>"", "birth_date"=>""}}
Can't verify CSRF token authenticity.
Completed 422 Unprocessable Entity in 1ms (ActiveRecord: 0.0ms)



ActionController::InvalidAuthenticityToken - ActionController::InvalidAuthenticityToken:

Started POST "/__better_errors/5d33ed672c2fd31b/variables" for ::1 at 2019-06-19 16:51:11 -0600
Started POST "/cats" for ::1 at 2019-06-19 16:51:35 -0600
Processing by CatsController#create as HTML
  Parameters: {"cat"=>{"name"=>"anshu", "birth_date"=>"2019-06-18", "sex"=>"on", "color"=>"brown"}}
Can't verify CSRF token authenticity.
Completed 422 Unprocessable Entity in 2ms (ActiveRecord: 0.0ms)



ActionController::InvalidAuthenticityToken - ActionController::InvalidAuthenticityToken:

Started POST "/__better_errors/4ec69b1264d80fb5/variables" for ::1 at 2019-06-19 16:51:35 -0600
Started POST "/cats" for ::1 at 2019-06-19 16:53:05 -0600
Processing by CatsController#create as HTML
  Parameters: {"cat"=>{"name"=>"anshu", "birth_date"=>"2019-06-18", "sex"=>"on", "color"=>"brown"}}
Can't verify CSRF token authenticity.
Completed 422 Unprocessable Entity in 1ms (ActiveRecord: 0.0ms)



ActionController::InvalidAuthenticityToken - ActionController::InvalidAuthenticityToken:

Started POST "/__better_errors/d534ecab9f290cea/variables" for ::1 at 2019-06-19 16:53:06 -0600
Started POST "/cats" for ::1 at 2019-06-19 16:53:10 -0600
Processing by CatsController#create as HTML
  Parameters: {"cat"=>{"name"=>"anshu", "birth_date"=>"2019-06-18", "sex"=>"on", "color"=>"brown"}}
Can't verify CSRF token authenticity.
Completed 422 Unprocessable Entity in 1ms (ActiveRecord: 0.0ms)



ActionController::InvalidAuthenticityToken - ActionController::InvalidAuthenticityToken:

Started POST "/__better_errors/51ef89e0c2faab4d/variables" for ::1 at 2019-06-19 16:53:10 -0600
Started GET "/cats" for ::1 at 2019-06-19 16:53:26 -0600
Processing by CatsController#index as HTML
  Rendering cats/index.html.erb within layouts/application
  [1m[36mCat Load (1.6ms)[0m  [1m[34mSELECT "cats".* FROM "cats"[0m
  ↳ app/views/cats/index.html.erb:3
  Rendered cats/index.html.erb within layouts/application (5.6ms)
Completed 200 OK in 63ms (Views: 60.3ms | ActiveRecord: 1.6ms)


Started GET "/cats" for ::1 at 2019-06-19 16:57:52 -0600
  [1m[35m (1.8ms)[0m  [1m[34mSELECT "schema_migrations"."version" FROM "schema_migrations" ORDER BY "schema_migrations"."version" ASC[0m
  ↳ /Users/campbelloleson/.rbenv/versions/2.5.1/lib/ruby/gems/2.5.0/gems/activerecord-5.2.3/lib/active_record/log_subscriber.rb:98
Processing by CatsController#index as HTML
  Rendering cats/index.html.erb within layouts/application
  [1m[36mCat Load (0.8ms)[0m  [1m[34mSELECT "cats".* FROM "cats"[0m
  ↳ app/views/cats/index.html.erb:3
  Rendered cats/index.html.erb within layouts/application (34.7ms)
Completed 200 OK in 423ms (Views: 350.5ms | ActiveRecord: 14.1ms)


Started GET "/cats/new" for ::1 at 2019-06-19 16:57:58 -0600
Processing by CatsController#new as HTML
  Rendering cats/new.html.erb within layouts/application
  Rendered cats/new.html.erb within layouts/application (0.5ms)
Completed 200 OK in 29ms (Views: 28.1ms | ActiveRecord: 0.0ms)


Started POST "/cats" for ::1 at 2019-06-19 16:58:09 -0600
Processing by CatsController#create as HTML
  Parameters: {"cat"=>{"name"=>"campbell", "birth_date"=>"2019-06-12", "sex"=>"on", "color"=>"white"}}
No template found for CatsController#create, rendering head :no_content
Completed 204 No Content in 114ms (ActiveRecord: 0.0ms)


Started POST "/cats" for ::1 at 2019-06-19 16:58:11 -0600
Processing by CatsController#create as HTML
  Parameters: {"cat"=>{"name"=>"campbell", "birth_date"=>"2019-06-12", "sex"=>"on", "color"=>"white"}}
No template found for CatsController#create, rendering head :no_content
Completed 204 No Content in 106ms (ActiveRecord: 0.0ms)


Started GET "/cats/new" for ::1 at 2019-06-19 17:03:47 -0600
Processing by CatsController#new as HTML
  Rendering cats/new.html.erb within layouts/application
  Rendered cats/new.html.erb within layouts/application (1.0ms)
Completed 200 OK in 54ms (Views: 37.6ms | ActiveRecord: 7.2ms)


Started GET "/cats/new" for ::1 at 2019-06-19 17:03:49 -0600
Processing by CatsController#new as HTML
  Rendering cats/new.html.erb within layouts/application
  Rendered cats/new.html.erb within layouts/application (0.6ms)
Completed 200 OK in 34ms (Views: 33.5ms | ActiveRecord: 0.0ms)


Started GET "/cats/new" for ::1 at 2019-06-19 17:03:58 -0600
Processing by CatsController#new as HTML
  Rendering cats/new.html.erb within layouts/application
  Rendered cats/new.html.erb within layouts/application (0.9ms)
Completed 200 OK in 34ms (Views: 33.3ms | ActiveRecord: 0.0ms)


Started GET "/cats/new" for ::1 at 2019-06-19 17:11:05 -0600
Processing by CatsController#new as HTML
  Rendering cats/new.html.erb within layouts/application
  Rendered cats/new.html.erb within layouts/application (0.8ms)
Completed 200 OK in 39ms (Views: 38.2ms | ActiveRecord: 0.0ms)


Started GET "/cats/new" for ::1 at 2019-06-19 17:11:27 -0600
Processing by CatsController#new as HTML
  Rendering cats/new.html.erb within layouts/application
  Rendered cats/new.html.erb within layouts/application (2.2ms)
Completed 200 OK in 46ms (Views: 40.8ms | ActiveRecord: 0.0ms)


Started POST "/cats" for ::1 at 2019-06-19 17:12:21 -0600
Processing by CatsController#create as HTML
  Parameters: {"cat"=>{"name"=>"", "birth_date"=>"", "sex"=>"M"}}
Completed 400 Bad Request in 2ms (ActiveRecord: 0.0ms)



ActionController::ParameterMissing - param is missing or the value is empty: cats:
  app/controllers/cats_controller.rb:29:in `cat_params'
  app/controllers/cats_controller.rb:18:in `create'

Started POST "/__better_errors/0d9d4c0d1bcd5e3d/variables" for ::1 at 2019-06-19 17:12:21 -0600
Started POST "/cats" for ::1 at 2019-06-19 17:12:37 -0600
Processing by CatsController#create as HTML
  Parameters: {"cat"=>{"name"=>"", "birth_date"=>"2019-06-14", "sex"=>"M"}}
Completed 400 Bad Request in 10ms (ActiveRecord: 0.0ms)



ActionController::ParameterMissing - param is missing or the value is empty: cats:
  app/controllers/cats_controller.rb:29:in `cat_params'
  app/controllers/cats_controller.rb:18:in `create'

Started POST "/__better_errors/d8766cd992796fee/variables" for ::1 at 2019-06-19 17:12:37 -0600
Started POST "/cats" for ::1 at 2019-06-19 17:13:44 -0600
Processing by CatsController#create as HTML
  Parameters: {"cat"=>{"name"=>"", "birth_date"=>"", "sex"=>"M"}}
Completed 400 Bad Request in 6ms (ActiveRecord: 0.0ms)



ActionController::ParameterMissing - param is missing or the value is empty: cats:
  app/controllers/cats_controller.rb:29:in `cat_params'
  app/controllers/cats_controller.rb:18:in `create'

Started POST "/__better_errors/103c9534547d1583/variables" for ::1 at 2019-06-19 17:13:44 -0600
Started POST "/cats" for ::1 at 2019-06-19 17:14:02 -0600
Processing by CatsController#create as HTML
  Parameters: {"cat"=>{"name"=>"", "birth_date"=>"", "sex"=>"M"}}
  [1m[35m (0.3ms)[0m  [1m[35mBEGIN[0m
  ↳ app/controllers/cats_controller.rb:19
  [1m[35m (0.2ms)[0m  [1m[31mROLLBACK[0m
  ↳ app/controllers/cats_controller.rb:19
  Rendering cats/new.html.erb within layouts/application
  Rendered cats/new.html.erb within layouts/application (0.8ms)
Completed 200 OK in 72ms (Views: 31.1ms | ActiveRecord: 20.1ms)


Started POST "/cats" for ::1 at 2019-06-19 17:14:18 -0600
Processing by CatsController#create as HTML
  Parameters: {"cat"=>{"name"=>"", "birth_date"=>"2019-06-13", "sex"=>"M"}}
  [1m[35m (0.2ms)[0m  [1m[35mBEGIN[0m
  ↳ app/controllers/cats_controller.rb:19
  [1m[35m (7.3ms)[0m  [1m[31mROLLBACK[0m
  ↳ app/controllers/cats_controller.rb:19
  Rendering cats/new.html.erb within layouts/application
  Rendered cats/new.html.erb within layouts/application (0.7ms)
Completed 200 OK in 61ms (Views: 40.7ms | ActiveRecord: 7.5ms)


Started POST "/cats" for ::1 at 2019-06-19 17:14:38 -0600
Processing by CatsController#create as HTML
  Parameters: {"cat"=>{"name"=>"campbell", "birth_date"=>"2019-06-13", "sex"=>"F", "color"=>"black"}}
  [1m[35m (2.3ms)[0m  [1m[35mBEGIN[0m
  ↳ app/controllers/cats_controller.rb:19
  [1m[36mCat Create (2.1ms)[0m  [1m[32mINSERT INTO "cats" ("birth_date", "color", "name", "sex") VALUES ($1, $2, $3, $4) RETURNING "id"[0m  [["birth_date", "2019-06-13"], ["color", "black"], ["name", "campbell"], ["sex", "F"]]
  ↳ app/controllers/cats_controller.rb:19
  [1m[35m (1.0ms)[0m  [1m[35mCOMMIT[0m
  ↳ app/controllers/cats_controller.rb:19
Redirected to http://localhost:3000/cats/9
Completed 302 Found in 13ms (ActiveRecord: 5.4ms)


Started GET "/cats/9" for ::1 at 2019-06-19 17:14:38 -0600
Processing by CatsController#show as HTML
  Parameters: {"id"=>"9"}
  [1m[36mCat Load (1.7ms)[0m  [1m[34mSELECT  "cats".* FROM "cats" WHERE "cats"."id" = $1 LIMIT $2[0m  [["id", 9], ["LIMIT", 1]]
  ↳ app/controllers/cats_controller.rb:8
  Rendering cats/show.html.erb within layouts/application
  Rendered cats/show.html.erb within layouts/application (1.0ms)
Completed 200 OK in 61ms (Views: 31.7ms | ActiveRecord: 2.2ms)


  [1m[36mCat Load (0.4ms)[0m  [1m[34mSELECT  "cats".* FROM "cats" LIMIT $1[0m  [["LIMIT", 11]]
Started GET "/cats" for ::1 at 2019-06-19 17:15:45 -0600
Processing by CatsController#index as HTML
  Rendering cats/index.html.erb within layouts/application
  [1m[36mCat Load (4.9ms)[0m  [1m[34mSELECT "cats".* FROM "cats"[0m
  ↳ app/views/cats/index.html.erb:3
  Rendered cats/index.html.erb within layouts/application (10.8ms)
Completed 200 OK in 40ms (Views: 34.3ms | ActiveRecord: 4.9ms)


Started GET "/cats" for ::1 at 2019-06-19 17:15:48 -0600
Processing by CatsController#index as HTML
  Rendering cats/index.html.erb within layouts/application
  [1m[36mCat Load (4.0ms)[0m  [1m[34mSELECT "cats".* FROM "cats"[0m
  ↳ app/views/cats/index.html.erb:3
  Rendered cats/index.html.erb within layouts/application (7.6ms)
Completed 200 OK in 35ms (Views: 30.4ms | ActiveRecord: 4.0ms)


Started GET "/cats/3" for ::1 at 2019-06-19 17:17:17 -0600
Processing by CatsController#show as HTML
  Parameters: {"id"=>"3"}
  [1m[36mCat Load (1.0ms)[0m  [1m[34mSELECT  "cats".* FROM "cats" WHERE "cats"."id" = $1 LIMIT $2[0m  [["id", 3], ["LIMIT", 1]]
  ↳ app/controllers/cats_controller.rb:8
  Rendering cats/show.html.erb within layouts/application
  Rendered cats/show.html.erb within layouts/application (0.8ms)
Completed 200 OK in 42ms (Views: 39.0ms | ActiveRecord: 1.0ms)


Started GET "/cats/7" for ::1 at 2019-06-19 17:17:20 -0600
Processing by CatsController#show as HTML
  Parameters: {"id"=>"7"}
  [1m[36mCat Load (2.0ms)[0m  [1m[34mSELECT  "cats".* FROM "cats" WHERE "cats"."id" = $1 LIMIT $2[0m  [["id", 7], ["LIMIT", 1]]
  ↳ app/controllers/cats_controller.rb:8
  Rendering cats/show.html.erb within layouts/application
  Rendered cats/show.html.erb within layouts/application (0.5ms)
Completed 200 OK in 57ms (Views: 53.2ms | ActiveRecord: 2.0ms)


Started GET "/cats/5/edit" for ::1 at 2019-06-19 17:30:07 -0600
Processing by CatsController#edit as HTML
  Parameters: {"id"=>"5"}
  [1m[36mCat Load (0.5ms)[0m  [1m[34mSELECT  "cats".* FROM "cats" WHERE "cats"."id" = $1 LIMIT $2[0m  [["id", 5], ["LIMIT", 1]]
  ↳ app/controllers/cats_controller.rb:27
  Rendering cats/edit.html.erb within layouts/application
  Rendered cats/edit.html.erb within layouts/application (0.6ms)
Completed 200 OK in 79ms (Views: 43.3ms | ActiveRecord: 16.0ms)


Started GET "/cats/5/edit" for ::1 at 2019-06-19 17:31:26 -0600
Processing by CatsController#edit as HTML
  Parameters: {"id"=>"5"}
  [1m[36mCat Load (0.9ms)[0m  [1m[34mSELECT  "cats".* FROM "cats" WHERE "cats"."id" = $1 LIMIT $2[0m  [["id", 5], ["LIMIT", 1]]
  ↳ app/controllers/cats_controller.rb:27
  Rendering cats/edit.html.erb within layouts/application
  Rendered cats/edit.html.erb within layouts/application (0.7ms)
Completed 200 OK in 50ms (Views: 47.0ms | ActiveRecord: 0.9ms)


Started GET "/cats/5/edit" for ::1 at 2019-06-19 17:31:29 -0600
Processing by CatsController#edit as HTML
  Parameters: {"id"=>"5"}
  [1m[36mCat Load (1.3ms)[0m  [1m[34mSELECT  "cats".* FROM "cats" WHERE "cats"."id" = $1 LIMIT $2[0m  [["id", 5], ["LIMIT", 1]]
  ↳ app/controllers/cats_controller.rb:27
  Rendering cats/edit.html.erb within layouts/application
  Rendered cats/edit.html.erb within layouts/application (0.5ms)
Completed 200 OK in 37ms (Views: 34.2ms | ActiveRecord: 1.3ms)


Started GET "/cats/5/edit" for ::1 at 2019-06-19 17:31:29 -0600
Processing by CatsController#edit as HTML
  Parameters: {"id"=>"5"}
  [1m[36mCat Load (0.7ms)[0m  [1m[34mSELECT  "cats".* FROM "cats" WHERE "cats"."id" = $1 LIMIT $2[0m  [["id", 5], ["LIMIT", 1]]
  ↳ app/controllers/cats_controller.rb:27
  Rendering cats/edit.html.erb within layouts/application
  Rendered cats/edit.html.erb within layouts/application (0.6ms)
Completed 200 OK in 31ms (Views: 28.1ms | ActiveRecord: 0.7ms)


Started GET "/cats/5/edit" for ::1 at 2019-06-19 17:31:30 -0600
Processing by CatsController#edit as HTML
  Parameters: {"id"=>"5"}
  [1m[36mCat Load (3.1ms)[0m  [1m[34mSELECT  "cats".* FROM "cats" WHERE "cats"."id" = $1 LIMIT $2[0m  [["id", 5], ["LIMIT", 1]]
  ↳ app/controllers/cats_controller.rb:27
  Rendering cats/edit.html.erb within layouts/application
  Rendered cats/edit.html.erb within layouts/application (0.7ms)
Completed 200 OK in 45ms (Views: 39.8ms | ActiveRecord: 3.1ms)


Started GET "/cats/5/edit" for ::1 at 2019-06-19 17:31:56 -0600
Processing by CatsController#edit as HTML
  Parameters: {"id"=>"5"}
  [1m[36mCat Load (5.7ms)[0m  [1m[34mSELECT  "cats".* FROM "cats" WHERE "cats"."id" = $1 LIMIT $2[0m  [["id", 5], ["LIMIT", 1]]
  ↳ app/controllers/cats_controller.rb:27
  Rendering cats/edit.html.erb within layouts/application
  Rendered cats/edit.html.erb within layouts/application (1.2ms)
Completed 500 Internal Server Error in 41ms (ActiveRecord: 5.7ms)



SyntaxError - syntax error, unexpected tIDENTIFIER, expecting ')'
   <label for="birth_date"> <b>Birth Date</b> </label>...
               ^~~~~~~~~~
/Users/campbelloleson/Desktop/cats_99/app/views/cats/edit.html.erb:11: syntax error, unexpected tIDENTIFIER, expecting ')'
    <input type="date"  name="cat[birth_date]"
                 ^~~~
/Users/campbelloleson/Desktop/cats_99/app/views/cats/edit.html.erb:11: syntax error, unexpected tIDENTIFIER, expecting ')'
...  <input type="date"  name="cat[birth_date]"
...                            ^~~
/Users/campbelloleson/Desktop/cats_99/app/views/cats/edit.html.erb:11: syntax error, unexpected tSTRING_BEG, expecting ')'
...="date"  name="cat[birth_date]"
...                              ^
/Users/campbelloleson/Desktop/cats_99/app/views/cats/edit.html.erb:12: syntax error, unexpected tINTEGER, expecting ')'
       min="2000-01-01" max="2019-06-19"> <br>
            ^~~~
/Users/campbelloleson/Desktop/cats_99/app/views/cats/edit.html.erb:12: syntax error, unexpected tSTRING_BEG, expecting ')'
       min="2000-01-01" max="2019-06-19"> <br>
                      ^
/Users/campbelloleson/Desktop/cats_99/app/views/cats/edit.html.erb:12: syntax error, unexpected tINTEGER, expecting ')'
...     min="2000-01-01" max="2019-06-19"> <br>
...                           ^~~~
/Users/campbelloleson/Desktop/cats_99/app/views/cats/edit.html.erb:12: syntax error, unexpected tSTRING_BEG, expecting ')'
...n="2000-01-01" max="2019-06-19"> <br>
...                              ^
/Users/campbelloleson/Desktop/cats_99/app/views/cats/edit.html.erb:15: syntax error, unexpected tIDENTIFIER, expecting ')'
    <label for="sex" > <b>Sex</b> </label> <br>
                ^~~
/Users/campbelloleson/Desktop/cats_99/app/views/cats/edit.html.erb:16: syntax error, unexpected tIDENTIFIER, expecting ')'
    <input type="radio" name = "cat[sex]" value="M"...
                 ^~~~~
/Users/campbelloleson/Desktop/cats_99/app/views/cats/edit.html.erb:16: syntax error, unexpected tIDENTIFIER, expecting ')'
...<input type="radio" name = "cat[sex]" value="M" > Male   
...                            ^~~
/Users/campbelloleson/Desktop/cats_99/app/views/cats/edit.html.erb:16: syntax error, unexpected tSTRING_BEG, expecting ')'
... type="radio" name = "cat[sex]" value="M" > Male   
...                              ^
/Users/campbelloleson/Desktop/cats_99/app/views/cats/edit.html.erb:16: syntax error, unexpected tCONSTANT, expecting ')'
...dio" name = "cat[sex]" value="M" > Male   
...                              ^
/Users/campbelloleson/Desktop/cats_99/app/views/cats/edit.html.erb:17: syntax error, unexpected tIDENTIFIER, expecting ')'
    <input type="radio" name = "cat[sex]" value="F"...
                 ^~~~~
/Users/campbelloleson/Desktop/cats_99/app/views/cats/edit.html.erb:17: syntax error, unexpected tIDENTIFIER, expecting ')'
...<input type="radio" name = "cat[sex]" value="F" > Female <br>
...                            ^~~
/Users/campbelloleson/Desktop/cats_99/app/views/cats/edit.html.erb:17: syntax error, unexpected tSTRING_BEG, expecting ')'
... type="radio" name = "cat[sex]" value="F" > Female <br>
...                              ^
/Users/campbelloleson/Desktop/cats_99/app/views/cats/edit.html.erb:17: syntax error, unexpected tCONSTANT, expecting ')'
...dio" name = "cat[sex]" value="F" > Female <br>
...                              ^
/Users/campbelloleson/Desktop/cats_99/app/views/cats/edit.html.erb:19: syntax error, unexpected tIDENTIFIER, expecting ')'
    <label for="color" > <b>Color</b> </label> <br>
                ^~~~~
/Users/campbelloleson/Desktop/cats_99/app/views/cats/edit.html.erb:20: syntax error, unexpected tIDENTIFIER, expecting ')'
        <select name="cat[color]"> 
                      ^~~
/Users/campbelloleson/Desktop/cats_99/app/views/cats/edit.html.erb:20: syntax error, unexpected tSTRING_BEG, expecting ')'
...      <select name="cat[color]"> 
...                              ^
/Users/campbelloleson/Desktop/cats_99/app/views/cats/edit.html.erb:27: syntax error, unexpected tIDENTIFIER, expecting ')'
    <label for="description" > <b>Description</b> </labe...
                ^~~~~~~~~~~
/Users/campbelloleson/Desktop/cats_99/app/views/cats/edit.html.erb:28: syntax error, unexpected tIDENTIFIER, expecting ')'
    <input type="text" name= "cat[description]"> <...
                 ^~~~
/Users/campbelloleson/Desktop/cats_99/app/views/cats/edit.html.erb:28: syntax error, unexpected tIDENTIFIER, expecting ')'
...  <input type="text" name= "cat[description]"> <br>
...                            ^~~
/Users/campbelloleson/Desktop/cats_99/app/views/cats/edit.html.erb:28: syntax error, unexpected tSTRING_BEG, expecting ')'
..."text" name= "cat[description]"> <br>
...                              ^
/Users/campbelloleson/Desktop/cats_99/app/views/cats/edit.html.erb:30: syntax error, unexpected tIDENTIFIER, expecting ')'
    <input type="submit" value="Create the cat!">
                 ^~~~~~
/Users/campbelloleson/Desktop/cats_99/app/views/cats/edit.html.erb:30: syntax error, unexpected tCONSTANT, expecting ')'
...put type="submit" value="Create the cat!">
...                         ^~~~~~
/Users/campbelloleson/Desktop/cats_99/app/views/cats/edit.html.erb:36: unterminated string meets end of file
          end
             ^
/Users/campbelloleson/Desktop/cats_99/app/views/cats/edit.html.erb:36: syntax error, unexpected end-of-input, expecting ')'
          end
             ^:
  app/views/cats/edit.html.erb:9:in `'
  app/controllers/cats_controller.rb:28:in `edit'

Started POST "/__better_errors/62b4d47bc3e5b4f9/variables" for ::1 at 2019-06-19 17:31:56 -0600
Started GET "/cats/5/edit" for ::1 at 2019-06-19 17:32:09 -0600
Processing by CatsController#edit as HTML
  Parameters: {"id"=>"5"}
  [1m[36mCat Load (0.3ms)[0m  [1m[34mSELECT  "cats".* FROM "cats" WHERE "cats"."id" = $1 LIMIT $2[0m  [["id", 5], ["LIMIT", 1]]
  ↳ app/controllers/cats_controller.rb:27
  Rendering cats/edit.html.erb within layouts/application
  Rendered cats/edit.html.erb within layouts/application (0.8ms)
Completed 200 OK in 53ms (Views: 50.9ms | ActiveRecord: 0.3ms)


Started GET "/cats/5/edit" for ::1 at 2019-06-19 17:32:51 -0600
Processing by CatsController#edit as HTML
  Parameters: {"id"=>"5"}
  [1m[36mCat Load (1.5ms)[0m  [1m[34mSELECT  "cats".* FROM "cats" WHERE "cats"."id" = $1 LIMIT $2[0m  [["id", 5], ["LIMIT", 1]]
  ↳ app/controllers/cats_controller.rb:27
  Rendering cats/edit.html.erb within layouts/application
  Rendered cats/edit.html.erb within layouts/application (2.6ms)
Completed 200 OK in 31ms (Views: 24.8ms | ActiveRecord: 1.5ms)


